\BOOKMARK [0][-]{chapter*.3}{\376\377\000L\000i\000s\000t\000\040\000o\000f\000\040\000A\000b\000b\000r\000e\000v\000i\000a\000t\000i\000o\000n\000s}{}% 1
\BOOKMARK [0][-]{chapter.1}{\376\377\000I\000n\000t\000r\000o\000d\000u\000c\000t\000i\000o\000n}{}% 2
\BOOKMARK [1][-]{section.1.1}{\376\377\000W\000h\000a\000t\000\040\000a\000r\000e\000\040\000w\000e\000\040\000t\000r\000y\000i\000n\000g\000\040\000t\000o\000\040\000d\000o\000?}{chapter.1}% 3
\BOOKMARK [1][-]{section.1.2}{\376\377\000W\000h\000a\000t\000\040\000i\000s\000\040\000d\000i\000s\000t\000a\000n\000c\000e\000-\000b\000a\000s\000e\000d\000\040\000w\000e\000i\000g\000h\000t\000i\000n\000g\000?}{chapter.1}% 4
\BOOKMARK [2][-]{subsection.1.2.1}{\376\377\000T\000h\000e\000\040\000C\000o\000n\000n\000e\000c\000t\000i\000o\000n\000\040\000t\000o\000\040\000S\000y\000n\000t\000h\000e\000t\000i\000c\000\040\000C\000o\000n\000t\000r\000o\000l}{section.1.2}% 5
\BOOKMARK [1][-]{section.1.3}{\376\377\000P\000r\000o\000s\000p\000e\000c\000t\000i\000v\000e\000\040\000A\000n\000a\000l\000y\000s\000i\000s}{chapter.1}% 6
\BOOKMARK [2][-]{subsection.1.3.1}{\376\377\000P\000e\000r\000m\000u\000t\000a\000t\000i\000o\000n\000\040\000M\000e\000t\000h\000o\000d\000s}{section.1.3}% 7
\BOOKMARK [2][-]{subsection.1.3.2}{\376\377\000M\000u\000l\000t\000i\000v\000e\000r\000s\000e}{section.1.3}% 8
\BOOKMARK [0][-]{chapter.2}{\376\377\000P\000o\000s\000t\000-\000S\000h\000o\000c\000k\000\040\000V\000o\000l\000a\000t\000i\000l\000i\000t\000y\000\040\000F\000o\000r\000e\000c\000a\000s\000t\000i\000n\000g\000\040\000U\000s\000i\000n\000g\000\040\000S\000i\000m\000i\000l\000a\000r\000i\000t\000y\000-\000b\000a\000s\000e\000d\000\040\000S\000h\000o\000c\000k\000\040\000A\000g\000g\000r\000e\000g\000a\000t\000i\000o\000n}{}% 9
\BOOKMARK [1][-]{section.2.1}{\376\377\000I\000n\000t\000r\000o\000d\000u\000c\000t\000i\000o\000n}{chapter.2}% 10
\BOOKMARK [1][-]{section.2.2}{\376\377\000S\000e\000t\000t\000i\000n\000g}{chapter.2}% 11
\BOOKMARK [2][-]{subsection.2.2.1}{\376\377\000A\000\040\000P\000r\000i\000m\000e\000r\000\040\000o\000n\000\040\000G\000A\000R\000C\000H}{section.2.2}% 12
\BOOKMARK [2][-]{subsection.2.2.2}{\376\377\000M\000o\000d\000e\000l\000\040\000s\000e\000t\000u\000p}{section.2.2}% 13
\BOOKMARK [1][-]{section.2.3}{\376\377\000M\000e\000t\000h\000o\000d\000o\000l\000o\000g\000y\000\040\000f\000o\000r\000\040\000S\000i\000m\000i\000l\000a\000r\000i\000t\000y\000-\000b\000a\000s\000e\000d\000\040\000P\000a\000r\000a\000m\000e\000t\000e\000r\000\040\000C\000o\000r\000r\000e\000c\000t\000i\000o\000n}{chapter.2}% 14
\BOOKMARK [2][-]{subsection.2.3.1}{\376\377\000F\000o\000r\000e\000c\000a\000s\000t\000i\000n\000g}{section.2.3}% 15
\BOOKMARK [2][-]{subsection.2.3.2}{\376\377\000E\000x\000c\000e\000s\000s\000\040\000V\000o\000l\000a\000t\000i\000l\000i\000t\000y\000\040\000E\000s\000t\000i\000m\000a\000t\000o\000r\000s}{section.2.3}% 16
\BOOKMARK [2][-]{subsection.2.3.3}{\376\377\000G\000r\000o\000u\000n\000d\000\040\000T\000r\000u\000t\000h\000\040\000E\000s\000t\000i\000m\000a\000t\000o\000r\000s}{section.2.3}% 17
\BOOKMARK [2][-]{subsection.2.3.4}{\376\377\000L\000o\000s\000s\000\040\000F\000u\000n\000c\000t\000i\000o\000n\000s}{section.2.3}% 18
\BOOKMARK [1][-]{section.2.4}{\376\377\000P\000r\000o\000p\000e\000r\000t\000i\000e\000s\000\040\000o\000f\000\040\000V\000o\000l\000a\000t\000i\000l\000i\000t\000y\000\040\000S\000h\000o\000c\000k\000s\000\040\000a\000n\000d\000\040\000S\000h\000o\000c\000k\000\040\000E\000s\000t\000i\000m\000a\000t\000o\000r\000s}{chapter.2}% 19
\BOOKMARK [2][-]{subsection.2.4.1}{\376\377\000C\000o\000n\000s\000i\000s\000t\000e\000n\000c\000y\000\040\000o\000f\000\040\000t\000h\000e\000\040\000s\000h\000o\000c\000k\000\040\000e\000s\000t\000i\000m\000a\000t\000o\000r\000s}{section.2.4}% 20
\BOOKMARK [2][-]{subsection.2.4.2}{\376\377\000C\000o\000n\000s\000i\000s\000t\000e\000n\000c\000y\000\040\000o\000f\000\040\000t\000h\000e\000\040\000C\000o\000n\000d\000i\000t\000i\000o\000n\000a\000l\000\040\000F\000o\000r\000e\000c\000a\000s\000t\000\040\000F\000u\000