\BOOKMARK [1][-]{section.1}{\376\377\000I\000n\000t\000r\000o\000d\000u\000c\000t\000i\000o\000n}{}% 1
\BOOKMARK [1][-]{section.2}{\376\377\000S\000e\000t\000t\000i\000n\000g}{}% 2
\BOOKMARK [2][-]{subsection.2.1}{\376\377\000G\000r\000o\000u\000n\000d\000\040\000T\000r\000u\000t\000h\000\040\000E\000s\000t\000i\000m\000a\000t\000o\000r\000s}{section.2}% 3
\BOOKMARK [3][-]{subsubsection.2.1.1}{\376\377\000M\000a\000r\000k\000e\000t\000-\000I\000m\000p\000l\000i\000e\000d\000\040\000V\000o\000l\000a\000t\000i\000l\000i\000t\000y}{subsection.2.1}% 4
\BOOKMARK [3][-]{subsubsection.2.1.2}{\376\377\000R\000e\000a\000l\000i\000z\000e\000d\000\040\000V\000o\000l\000a\000t\000i\000l\000i\000t\000y}{subsection.2.1}% 5
\BOOKMARK [3][-]{subsubsection.2.1.3}{\376\377\000H\000i\000s\000t\000o\000r\000i\000c\000a\000l\000\040\000V\000o\000l\000a\000t\000i\000l\000i\000t\000y}{subsection.2.1}% 6
\BOOKMARK [2][-]{subsection.2.2}{\376\377\000V\000o\000l\000a\000t\000i\000l\000i\000t\000y\000\040\000P\000r\000o\000f\000i\000l\000e\000\040\000o\000f\000\040\000a\000\040\000T\000i\000m\000e\000\040\000S\000e\000r\000i\000e\000s}{section.2}% 7
\BOOKMARK [2][-]{subsection.2.3}{\376\377\000A\000g\000g\000r\000e\000g\000a\000t\000i\000o\000n\000\040\000M\000e\000c\000h\000a\000n\000i\000s\000m}{section.2}% 8
\BOOKMARK [2][-]{subsection.2.4}{\376\377\000M\000o\000d\000e\000l\000\040\000s\000e\000t\000u\000p}{section.2}% 9
\BOOKMARK [3][-]{subsubsection.2.4.1}{\376\377\000V\000o\000l\000a\000t\000i\000l\000i\000t\000y\000\040\000S\000h\000o\000c\000k\000\040\000M\000o\000d\000e\000l}{subsection.2.4}% 10
\BOOKMARK [2][-]{subsection.2.5}{\376\377\000U\000n\000b\000i\000a\000s\000e\000d\000n\000e\000s\000s\000\040\000o\000f\000\040\000t\000h\000e\000\040\000S\000y\000n\000t\000h\000e\000t\000i\000c\000\040\000V\000o\000l\000a\000t\000i\000l\000i\000t\000y\000\040\000P\000r\000e\000d\000i\000c\000t\000o\000r}{section.2}% 11
\BOOKMARK [2][-]{subsection.2.6}{\376\377\000W\000h\000y\000\040\000n\000o\000t\000\040\000p\000a\000r\000a\000m\000e\000t\000e\000r\000i\000z\000e\000\040\000t\000h\000e\000\040\000v\000o\000l\000a\000t\000i\000l\000i\000t\000y\000\040\000s\000h\000o\000c\000k\000\040\000a\000s\000\040\000a\000\040\000c\000h\000a\000n\000g\000e\000\040\000i\000n\000\040\000c\000o\000e\000f\000f\000i\000c\000i\000e\000n\000t\000s\000?}{section.2}% 12
\BOOKMARK [2][-]{subsection.2.7}{\376\377\000I\000m\000p\000r\000o\000v\000e\000m\000e\000n\000t\000s\000\040\000o\000f\000\040\000t\000h\000i\000s\000\040\000c\000u\000r\000r\000e\000n\000t\000\040\000w\000o\000r\000k\000\040\000o\000v\000e\000r\000\040\000i\000t\000s\000\040\000p\000r\000e\000d\000e\000c\000e\000s\000s\000o\000r}{section.2}% 13
\BOOKMARK [2][-]{subsection.2.8}{\376\377\000F\000o\000r\000e\000c\000a\000s\000t\000i\000n\000g}{section.2}% 14
\BOOKMARK [1][-]{section.3}{\376\377\000S\000i\000m\000u\000l\000a\000t\000i\000o\000n\000\040\000S\000e\000t\000u\000p\000\040\000a\000n\000d\000\040\000R\000e\000s\000u\000l\000t\000s}{}% 15
\BOOKMARK [2][-]{subsection.3.1}{\376\377\000M\000o\000s\000t\000\040\000e\000l\000e\000m\000e\000n\000t\000a\000r\000y\000\040\000s\000i\000m\000u\000l\000a\000t\000i\000o\000n\000\040\000s\000e\000t\000u\000p}{section.3}% 16
\BOOKMARK [2][-]{subsection.3.2}{\376\377\000D\000u\000a\000l\000\040\000s\000h\000o\000c\000k\000:\000\040\000b\000o\000t\000h\000\040\000a\000\040\000l\000e\000v\000e\000l\000\040\000a\000n\000d\000\040\000v\000o\000l\000a\000t\000i\000l\000i\000t\000y\000\040\000s\000h\000o\000c\000k\000\040\000a\000t\000\040\000T\000*\000+\0001}{section.3}% 17
\BOOKMARK [2][-]{subsection.3.3}{\376\377\000S\000h\000o\000r\000t\000e\000r\000\040\000S\000e\000r\000i\000e\000s}{section.3}% 18
\BOOKMARK [2][-]{subsection.3.4}{\376\377\000F\000a\000t\000\040\000t\000a\000i\000l\000s\000\040\000i\000n\000\040\000i\000n\000n\000o\000v\000a\000t\000i\000o\000n\000s}{section.3}% 19
\BOOKMARK [2][-]{subsection.3.5}{\376\377\000L\000e\000n\000g\000t\000h\000e\000n\000i\000n\000g\000\040\000t\000h\000e\000\040\000m\000e\000a\000s\000u\000r\000e\000m\000e\000n\000t\000\040\000p\000e\000r\000i\000o\000d}{section.3}% 20
\BOOKMARK [2][-]{subsection.3.6}{\376\377\000C\000h\000a\000n\000g\000i\000n\000g\000\040\000t\000h\000e\000\040\000o\000p\000t\000i\000m\000i\000z\000a\000t\000i\000o\000n\000\040\000n\000o\000r\000m\000\040\000f\000o\000r\000\040\000d\000i\000s\000t\000a\000n\000c\000e\000-\000b\000a\000s\000e\000d\000\040\000w\000e\000i\000g\000h\000t\000i\000n\000g}{section.3}% 21
\BOOKMARK [2][-]{subsection.3.7}{\376\377\000A\000s\000y\000m\000m\000e\000t\000r\000i\000c\000\040\000G\000A\000R\000C\000H}{section.3}% 22
\BOOKMARK [1][-]{section.4}{\376\377\000R\000e\000a\000l\000\040\000D\000a\000t\000a\000\040\000E\000x\000a\000m\000p\000l\000e}{}% 23
\BOOKMARK [1][-]{section.5}{\376\377\000C\000o\000n\000n\000e\000c\000t\000i\000o\000n\000\040\000t\000o\000\040\000S\000i\000g\000n\000a\000l\000\040\000R\000e\000c\000o\000v\000e\000r\000y}{}% 24
