\BOOKMARK [0][-]{chapter*.3}{\376\377\000L\000i\000s\000t\000\040\000o\000f\000\040\000A\000b\000b\000r\000e\000v\000i\000a\000t\000i\000o\000n\000s}{}% 1
\BOOKMARK [0][-]{chapter.1}{\376\377\000P\000o\000s\000t\000-\000S\000h\000o\000c\000k\000\040\000V\000o\000l\000a\000t\000i\000l\000i\000t\000y\000\040\000F\000o\000r\000e\000c\000a\000s\000t\000i\000n\000g\000\040\000U\000s\000i\000n\000g\000\040\000S\000i\000m\000i\000l\000a\000r\000i\000t\000y\000-\000b\000a\000s\000e\000d\000\040\000S\000h\000o\000c\000k\000\040\000A\000g\000g\000r\000e\000g\000a\000t\000i\000o\000n}{}% 2
\BOOKMARK [1][-]{section.1.1}{\376\377\000I\000n\000t\000r\000o\000d\000u\000c\000t\000i\000o\000n}{chapter.1}% 3
\BOOKMARK [1][-]{section.1.2}{\376\377\000S\000e\000t\000t\000i\000n\000g}{chapter.1}% 4
\BOOKMARK [2][-]{subsection.1.2.1}{\376\377\000A\000\040\000P\000r\000i\000m\000e\000r\000\040\000o\000n\000\040\000G\000A\000R\000C\000H}{section.1.2}% 5
\BOOKMARK [2][-]{subsection.1.2.2}{\376\377\000M\000o\000d\000e\000l\000\040\000s\000e\000t\000u\000p}{section.1.2}% 6
\BOOKMARK [1][-]{section.1.3}{\376\377\000M\000e\000t\000h\000o\000d\000o\000l\000o\000g\000y\000\040\000f\000o\000r\000\040\000S\000i\000m\000i\000l\000a\000r\000i\000t\000y\000-\000b\000a\000s\000e\000d\000\040\000P\000a\000r\000a\000m\000e\000t\000e\000r\000\040\000C\000o\000r\000r\000e\000c\000t\000i\000o\000n}{chapter.1}% 7
\BOOKMARK [2][-]{subsection.1.3.1}{\376\377\000F\000o\000r\000e\000c\000a\000s\000t\000i\000n\000g}{section.1.3}% 8
\BOOKMARK [2][-]{subsection.1.3.2}{\376\377\000E\000x\000c\000e\000s\000s\000\040\000V\000o\000l\000a\000t\000i\000l\000i\000t\000y\000\040\000E\000s\000t\000i\000m\000a\000t\000o\000r\000s}{section.1.3}% 9
\BOOKMARK [2][-]{subsection.1.3.3}{\376\377\000G\000r\000o\000u\000n\000d\000\040\000T\000r\000u\000t\000h\000\040\000E\000s\000t\000i\000m\000a\000t\000o\000r\000s}{section.1.3}% 10
\BOOKMARK [2][-]{subsection.1.3.4}{\376\377\000L\000o\000s\000s\000\040\000F\000u\000n\000c\000t\000i\000o\000n\000s}{section.1.3}% 11
\BOOKMARK [1][-]{section.1.4}{\376\377\000P\000r\000o\000p\000e\000r\000t\000i\000e\000s\000\040\000o\000f\000\040\000V\000o\000l\000a\000t\000i\000l\000i\000t\000y\000\040\000S\000h\000o\000c\000k\000s\000\040\000a\000n\000d\000\040\000S\000h\000o\000c\000k\000\040\000E\000s\000t\000i\000m\000a\000t\000o\000r\000s}{chapter.1}% 12
\BOOKMARK [2][-]{subsection.1.4.1}{\376\377\000C\000o\000n\000s\000i\000s\000t\000e\000n\000c\000y\000\040\000o\000f\000\040\000t\000h\000e\000\040\000s\000h\000o\000c\000k\000\040\000e\000s\000t\000i\000m\000a\000t\000o\000r\000s}{section.1.4}% 13
\BOOKMARK [2][-]{subsection.1.4.2}{\376\377\000C\000o\000n\000s\000i\000s\000t\000e\000n\000c\000y\000\040\000o\000f\000\040\000t\000h\000e\000\040\000C\000o\000n\000d\000i\000t\000i\000o\000n\000a\000l\000\040\000F\000o\000r\000e\000c\000a\000s\000t\000\040\000F\000u\000n\000c\000t\000i\000o\000n}{section.1.4}% 14
\BOOKMARK [2][-]{subsection.1.4.3}{\376\377\000A\000s\000y\000m\000p\000t\000o\000t\000i\000c\000\040\000L\000o\000s\000s}{section.1.4}% 15
\BOOKMARK [1][-]{section.1.5}{\376\377\000N\000u\000m\000e\000r\000i\000c\000a\000l\000\040\000E\000x\000a\000m\000p\000l\000e\000s}{chapter.1}% 16
\BOOKMARK [2][-]{subsection.1.5.1}{\376\377\000F\000i\000x\000e\000d\000\040\000P\000a\000r\000a\000m\000e\000t\000e\000r\000s}{section.1.5}% 17
\BOOKMARK [2][-]{subsection.1.5.2}{\376\377\000V\000a\000r\000y\000i\000n\000g\000\040\000P\000a\000r\000a\000m\000e\000t\000e\000r\000s}{section.1.5}% 18
\BOOKMARK [2][-]{subsection.1.5.3}{\376\377\000E\000v\000a\000l\000u\000a\000t\000i\000v\000e\000\040\000F\000r\000a\000m\000e\000w\000o\000r\000k\000\040\000a\000n\000d\000\040\000M\000o\000n\000t\000e\000\040\000C\000a\000r\000l\000o\000\040\000R\000e\000s\000u\000l\000t\000s}{section.1.5}% 19
\BOOKMARK [1][-]{section.1.6}{\376\377\000F\000o\000r\000e\000c\000a\000s\000t\000i\000n\000g\000\040\000a\000f\000t\000e\000r\000\040\000t\000h\000e\000\040\000r\000e\000s\000u\000l\000t\000s\000\040\000o\000f\000\040\000t\000h\000e\000\040\0002\0000\0001\0006\000\040\000U\000S\000\040\000p\000r\000e\000s\000i\000d\000e\000n\000t\000i\000a\000l\000\040\000e\000l\000e\000c\000t\000i\000o\000n}{chapter.1}% 20
\BOOKMARK [1][-]{section.1.7}{\376\377\000D\000i\000s\000c\000u\000s\000s\000i\000o\000n}{chapter.1}% 21
\BOOKMARK [2][-]{subsection.1.7.1}{\376\377\000C\000o\000m\000p\000a\000r\000i\000s\000o\000n\000\040\000w\000i\000t\000h\000\040\000K\000N\000N}{section.1.7}% 22
\BOOKMARK [2][-]{subsection.1.7.2}{\376\377\000D\000o\000n\000o\000r\000\040\000P\000o\000o\000l\000\040\000C\000o\000n\000s\000t\000r\000u\000c\000t\000i\000o\000n}{section.1.7}% 23
\BOOKMARK [2][-]{subsection.1.7.3}{\376\377\000T\000h\000e\000\040\000N\000a\000t\000u\000r\000e\000\040\000a\000n\000d\000\040\000E\000s\000t\000i\000m\000a\000t\000i\000o\000n\000\040\000o\000f\000\040\000V\000o\000l\000a\000t\000i\000l\000i\000t\000y\000\040\000S\000h\000o\000c\000k\000s}{section.1.7}% 24
\BOOKMARK [2][-]{subsection.1.7.4}{\376\377\000P\000a\000r\000a\000m\000e\000t\000e\000r\000\040\000S\000t\000a\000b\000i\000l\000i\000t\000y}{section.1.7}% 25
\BOOKMARK [1][-]{section.1.8}{\376\377\000S\000u\000p\000p\000l\000e\000m\000e\000n\000t}{chapter.1}% 26
\BOOKMARK [2][-]{subsection.1.8.1}{\376\377\000L\000e\000a\000v\000e\000-\000o\000n\000e\000-\000o\000u\000t\000:\000\040\000H\000o\000w\000\040\000w\000e\000\040\000a\000n\000a\000l\000y\000z\000e\000d\000\040\000a\000\040\000m\000u\000l\000t\000i\000v\000e\000r\000s\000e\000\040\000o\000f\000\040\0006\0003\000\040\000p\000r\000e\000d\000i\000c\000t\000i\000o\000n\000s}{section.1.8}% 27
\BOOKMARK [2][-]{subsection.1.8.2}{\376\377\000S\000e\000n\000s\000i\000t\000i\000v\000i\000t\000y\000\040\000t\000o\000\040\000C\000o\000v\000a\000r\000i\000a\000t\000e\000s\000\040\000C\000h\000o\000s\000e\000n}{section.1.8}% 28
\BOOKMARK [2][-]{subsection.1.8.3}{\376\377\000S\000e\000n\000s\000i\000t\000i\000v\000i\000t\000y\000\040\000t\000o\000\040\000D\000o\000n\000o\000r\000s\000\040\000C\000h\000o\000s\000e\000n}{section.1.8}% 29
\BOOKMARK [2][-]{subsection.1.8.4}{\376\377\000C\000a\000n\000\040\000w\000e\000\040\000c\000o\000m\000b\000i\000n\000e\000\040\000f\000o\000r\000e\000c\000a\000s\000t\000s\000\040\000t\000o\000\040\000o\000u\000t\000p\000e\000r\000f\000o\000r\000m\000\040\000t\000h\000e\000\040\000i\000n\000d\000i\000v\000i\000d\000u\000a\000l\000\040\000f\000o\000r\000e\000c\000a\000s\000t\000s\000?}{section.1.8}% 30
\BOOKMARK [2][-]{subsection.1.8.5}{\376\377\000F\000o\000r\000m\000a\000l\000\040\000R\000e\000s\000u\000l\000t\000s}{section.1.8}% 31
\BOOKMARK [0][-]{chapter.2}{\376\377\000F\000o\000r\000e\000c\000a\000s\000t\000\040\000A\000d\000j\000u\000s\000t\000m\000e\000n\000t\000\040\000U\000n\000d\000e\000r\000\040\000S\000h\000o\000c\000k\000s\000:\000\040\000A\000\040\000U\000n\000i\000f\000i\000c\000a\000t\000i\000o\000n}{}% 32
\BOOKMARK [1][-]{section.2.1}{\376\377\000I\000n\000t\000r\000o\000d\000u\000c\000t\000i\000o\000n}{chapter.2}% 33
\BOOKMARK [1][-]{section.2.2}{\376\377\000F\000o\000r\000e\000c\000a\000s\000t\000i\000n\000g\000\040\000A\000m\000i\000d\000\040\000S\000h\000o\000c\000k\000s}{chapter.2}% 34
\BOOKMARK [2][-]{subsection.2.2.1}{\376\377\000T\000h\000e\000\040\000R\000o\000l\000e\000\040\000o\000f\000\040\000O\000u\000t\000s\000i\000d\000e\000\040\000I\000n\000f\000o\000r\000m\000a\000t\000i\000o\000n}{section.2.2}% 35
\BOOKMARK [2][-]{subsection.2.2.2}{\376\377\000T\000h\000e\000\040\000M\000e\000a\000n\000i\000n\000g\000\040\000a\000n\000d\000\040\000U\000s\000e\000\040\000o\000f\000\040\000S\000i\000m\000i\000l\000a\000r\000i\000t\000y}{section.2.2}% 36
\BOOKMARK [1][-]{section.2.3}{\376\377\000S\000e\000t\000t\000i\000n\000g}{chapter.2}% 37
\BOOKMARK [1][-]{section.2.4}{\376\377\000S\000P\000C\000\040\000F\000o\000r\000e\000c\000a\000s\000t\000i\000n\000g\000\040\000M\000e\000t\000h\000o\000d\000o\000l\000o\000g\000y\000\040\000a\000n\000d\000\040\000C\000o\000r\000r\000e\000c\000t\000i\000o\000n\000\040\000F\000u\000n\000c\000t\000i\000o\000n\000s}{chapter.2}% 38
\BOOKMARK [2][-]{subsection.2.4.1}{\376\377\000D\000i\000a\000g\000n\000o\000s\000t\000i\000c\000s\000\040\000f\000o\000r\000\040\000S\000i\000m\000i\000l\000a\000r\000i\000t\000y\000-\000B\000a\000s\000e\000d\000\040\000P\000a\000r\000a\000m\000e\000t\000e\000r\000\040\000C\000o\000r\000r\000e\000c\000t\000i\000o\000n}{section.2.4}% 39
\BOOKMARK [1][-]{section.2.5}{\376\377\000M\000o\000d\000e\000l\000\040\000A\000d\000j\000u\000s\000t\000m\000e\000n\000t\000\040\000U\000s\000i\000n\000g\000\040\000S\000i\000m\000i\000l\000a\000r\000i\000t\000y\000-\000B\000a\000s\000e\000d\000\040\000P\000a\000r\000a\000m\000e\000t\000e\000r\000\040\000C\000o\000r\000r\000e\000c\000t\000i\000o\000n\000:\000\040\000A\000\040\000G\000l\000o\000b\000a\000l\000\040\000O\000v\000e\000r\000v\000i\000e\000w}{chapter.2}% 40
\BOOKMARK [2][-]{subsection.2.5.1}{\376\377\000T\000h\000e\000\040\000M\000e\000t\000h\000o\000d\000\040\000o\000f\000\040\000M\000u\000l\000t\000i\000p\000l\000e\000\040\000S\000h\000o\000c\000k\000s}{section.2.5}% 41
\BOOKMARK [1][-]{section.2.6}{\376\377\000F\000o\000r\000m\000a\000l\000\040\000P\000r\000o\000p\000e\000r\000t\000i\000e\000s\000\040\000a\000n\000d\000\040\000M\000o\000d\000e\000l\000-\000S\000p\000e\000c\000i\000f\000i\000c\000\040\000C\000o\000n\000s\000i\000d\000e\000r\000a\000t\000i\000o\000n\000s}{chapter.2}% 42
\BOOKMARK [2][-]{subsection.2.6.1}{\376\377\000A\000R\000I\000M\000A}{section.2.6}% 43
\BOOKMARK [2][-]{subsection.2.6.2}{\376\377\000G\000A\000R\000C\000H}{section.2.6}% 44
\BOOKMARK [2][-]{subsection.2.6.3}{\376\377\000H\000A\000R}{section.2.6}% 45
\BOOKMARK [3][-]{subsubsection.2.6.3.1}{\376\377\000R\000e\000a\000l\000\040\000D\000a\000t\000a\000\040\000A\000p\000p\000l\000i\000c\000a\000t\000i\000o\000n\000\040\000o\000f\000\040\000S\000h\000o\000c\000k\000-\000A\000d\000j\000u\000s\000t\000e\000d\000\040\000H\000A\000R\000\040\000F\000o\000r\000e\000c\000a\000s\000t\000i\000n\000g}{subsection.2.6.3}% 46
\BOOKMARK [2][-]{subsection.2.6.4}{\376\377\000`\000`\000E\000x\000p\000o\000n\000e\000n\000t\000i\000a\000l\000\040\000B\000r\000e\000a\000k\000s\000"}{section.2.6}% 47
\BOOKMARK [3][-]{subsubsection.2.6.4.1}{\376\377\000S\000i\000m\000u\000l\000a\000t\000i\000o\000n\000\040\000S\000t\000u\000d\000y}{subsection.2.6.4}% 48
\BOOKMARK [1][-]{section.2.7}{\376\377\000D\000i\000s\000c\000u\000s\000s\000i\000o\000n}{chapter.2}% 49
\BOOKMARK [2][-]{subsection.2.7.1}{\376\377\000A\000s\000k\000i\000n\000g\000\040\000q\000u\000e\000s\000t\000i\000o\000n\000s\000\040\000a\000b\000o\000u\000t\000\040\000t\000h\000e\000\040\000c\000o\000v\000a\000r\000i\000a\000t\000e\000\040\000v\000e\000c\000t\000o\000r\000\040\000a\000n\000d\000\040\000c\000o\000n\000d\000i\000t\000i\000o\000n\000a\000l\000\040\000s\000h\000o\000c\000k\000\040\000d\000i\000s\000t\000r\000i\000b\000u\000t\000i\000o\000n}{section.2.7}% 50
\BOOKMARK [2][-]{subsection.2.7.2}{\376\377\000S\000h\000o\000c\000k\000\040\000p\000r\000o\000p\000a\000g\000a\000t\000i\000o\000n\000\040\000a\000n\000d\000\040\000e\000s\000t\000i\000m\000a\000t\000i\000o\000n\000\040\000a\000c\000c\000u\000r\000a\000c\000y}{section.2.7}% 51
\BOOKMARK [2][-]{subsection.2.7.3}{\376\377\000A\000g\000g\000r\000e\000g\000a\000t\000i\000n\000g\000\040\000r\000e\000s\000i\000d\000u\000a\000l\000s\000\040\000a\000s\000\040\000o\000p\000p\000o\000s\000e\000d\000\040\000t\000o\000\040\000a\000g\000g\000r\000e\000g\000a\000t\000i\000n\000g\000\040\000f\000i\000x\000e\000d\000\040\000e\000f\000f\000e\000c\000t\000\040\000e\000s\000t\000i\000m\000a\000t\000e\000s\000?}{section.2.7}% 52
\BOOKMARK [1][-]{section.2.8}{\376\377\000E\000x\000t\000e\000n\000s\000i\000o\000n\000s}{chapter.2}% 53
\BOOKMARK [2][-]{subsection.2.8.1}{\376\377\000F\000o\000r\000e\000c\000a\000s\000t\000\040\000C\000o\000m\000b\000i\000n\000a\000t\000i\000o\000n}{section.2.8}% 54
\BOOKMARK [2][-]{subsection.2.8.2}{\376\377\000L\000i\000m\000i\000t\000a\000t\000i\000o\000n\000s}{section.2.8}% 55
\BOOKMARK [3][-]{subsubsection.2.8.2.1}{\376\377\000H\000o\000w\000\040\000i\000m\000p\000o\000r\000t\000a\000n\000t\000\040\000i\000s\000\040\000a\000\040\000s\000h\000a\000r\000e\000d\000\040\000D\000G\000P\000?}{subsection.2.8.2}% 56
\BOOKMARK [3][-]{subsubsection.2.8.2.2}{\376\377\000R\000e\000l\000a\000x\000i\000n\000g\000\040\000t\000h\000e\000\040\000s\000h\000a\000r\000e\000d\000\040\000f\000a\000m\000i\000l\000y\000\040\000a\000s\000s\000u\000m\000p\000t\000i\000o\000n}{subsection.2.8.2}% 57
\BOOKMARK [1][-]{section.2.9}{\376\377\000S\000u\000p\000p\000l\000e\000m\000e\000n\000t}{chapter.2}% 58
\BOOKMARK [2][-]{subsection.2.9.1}{\376\377\000F\000o\000r\000m\000a\000l\000\040\000R\000e\000s\000u\000l\000t\000s}{section.2.9}% 59
\BOOKMARK [0][-]{chapter.3}{\376\377\000C\000o\000n\000c\000l\000u\000s\000i\000o\000n}{}% 60
