This is pdfTeX, Version 3.141592653-2.6-1.40.26 (TeX Live 2024) (preloaded format=pdflatex 2024.9.15)  15 DEC 2024 12:47
entering extended mode
 restricted \write18 enabled.
 %&-line parsing enabled.
**thesis
(./thesis.tex
LaTeX2e <2023-11-01> patch level 1
L3 programming layer <2024-02-20>
(./uiucthesis2021.cls
Document Class: uiucthesis2021 2021/09/01 v3.1 UIUC Thesis
(/usr/local/texlive/2024/texmf-dist/tex/latex/base/book.cls
Document Class: book 2023/05/17 v1.4n Standard LaTeX document class
(/usr/local/texlive/2024/texmf-dist/tex/latex/base/bk10.clo
File: bk10.clo 2023/05/17 v1.4n Standard LaTeX file (size option)
)
\c@part=\count188
\c@chapter=\count189
\c@section=\count190
\c@subsection=\count191
\c@subsubsection=\count192
\c@paragraph=\count193
\c@subparagraph=\count194
\c@figure=\count195
\c@table=\count196
\abovecaptionskip=\skip48
\belowcaptionskip=\skip49
\bibindent=\dimen140
)
(/usr/local/texlive/2024/texmf-dist/tex/latex/setspace/setspace.sty
Package: setspace 2022/12/04 v6.7b set line spacing
)
(/usr/local/texlive/2024/texmf-dist/tex/generic/babel/babel.sty
Package: babel 2024/02/07 v24.2 The Babel package
\babel@savecnt=\count197
\U@D=\dimen141
\l@unhyphenated=\language89

(/usr/local/texlive/2024/texmf-dist/tex/generic/babel/txtbabel.def)
\bbl@readstream=\read2
\bbl@dirlevel=\count198

(/usr/local/texlive/2024/texmf-dist/tex/generic/babel-english/english.ldf
Language: english 2017/06/06 v3.3r English support from the babel system
Package babel Info: Hyphen rules for 'canadian' set to \l@english
(babel)             (\language0). Reported on input line 102.
Package babel Info: Hyphen rules for 'australian' set to \l@ukenglish
(babel)             (\language23). Reported on input line 105.
Package babel Info: Hyphen rules for 'newzealand' set to \l@ukenglish
(babel)             (\language23). Reported on input line 108.
))
(/usr/local/texlive/2024/texmf-dist/tex/generic/babel/locale/en/babel-english.t
ex
Package babel Info: Importing font and identification data for english
(babel)             from babel-en.ini. Reported on input line 11.
) (/usr/local/texlive/2024/texmf-dist/tex/latex/titlesec/titletoc.sty
Package: titletoc 2023/10/27 v2.16 TOC entries
\ttl@leftsep=\dimen142
)
(/usr/local/texlive/2024/texmf-dist/tex/latex/geometry/geometry.sty
Package: geometry 2020/01/02 v5.9 Page Geometry

(/usr/local/texlive/2024/texmf-dist/tex/latex/graphics/keyval.sty
Package: keyval 2022/05/29 v1.15 key=value parser (DPC)
\KV@toks@=\toks17
)
(/usr/local/texlive/2024/texmf-dist/tex/generic/iftex/ifvtex.sty
Package: ifvtex 2019/10/25 v1.7 ifvtex legacy package. Use iftex instead.

(/usr/local/texlive/2024/texmf-dist/tex/generic/iftex/iftex.sty
Package: iftex 2022/02/03 v1.0f TeX engine tests
))
\Gm@cnth=\count199
\Gm@cntv=\count266
\c@Gm@tempcnt=\count267
\Gm@bindingoffset=\dimen143
\Gm@wd@mp=\dimen144
\Gm@odd@mp=\dimen145
\Gm@even@mp=\dimen146
\Gm@layoutwidth=\dimen147
\Gm@layoutheight=\dimen148
\Gm@layouthoffset=\dimen149
\Gm@layoutvoffset=\dimen150
\Gm@dimlist=\toks18
)
(/usr/local/texlive/2024/texmf-dist/tex/latex/fancyhdr/fancyhdr.sty
Package: fancyhdr 2022/11/09 v4.1 Extensive control of page headers and footers

\f@nch@headwidth=\skip50
\f@nch@O@elh=\skip51
\f@nch@O@erh=\skip52
\f@nch@O@olh=\skip53
\f@nch@O@orh=\skip54
\f@nch@O@elf=\skip55
\f@nch@O@erf=\skip56
\f@nch@O@olf=\skip57
\f@nch@O@orf=\skip58
))
(/usr/local/texlive/2024/texmf-dist/tex/latex/base/inputenc.sty
Package: inputenc 2021/02/14 v1.3d Input encoding file
\inpenc@prehook=\toks19
\inpenc@posthook=\toks20
)
(/usr/local/texlive/2024/texmf-dist/tex/latex/csquotes/csquotes.sty
Package: csquotes 2022-09-14 v5.2n context-sensitive quotations (JAW)

(/usr/local/texlive/2024/texmf-dist/tex/latex/etoolbox/etoolbox.sty
Package: etoolbox 2020/10/05 v2.5k e-TeX tools for LaTeX (JAW)
\etb@tempcnta=\count268
)
\csq@reset=\count269
\csq@gtype=\count270
\csq@glevel=\count271
\csq@qlevel=\count272
\csq@maxlvl=\count273
\csq@tshold=\count274
\csq@ltx@everypar=\toks21

(/usr/local/texlive/2024/texmf-dist/tex/latex/csquotes/csquotes.def
File: csquotes.def 2022-09-14 v5.2n csquotes generic definitions (JAW)
)
Package csquotes Info: Trying to load configuration file 'csquotes.cfg'...
Package csquotes Info: ... configuration file loaded successfully.

(/usr/local/texlive/2024/texmf-dist/tex/latex/csquotes/csquotes.cfg
File: csquotes.cfg 
))
(/usr/local/texlive/2024/texmf-dist/tex/latex/microtype/microtype.sty
Package: microtype 2023/03/13 v3.1a Micro-typographical refinements (RS)
\MT@toks=\toks22
\MT@tempbox=\box51
\MT@count=\count275
LaTeX Info: Redefining \noprotrusionifhmode on input line 1059.
LaTeX Info: Redefining \leftprotrusion on input line 1060.
\MT@prot@toks=\toks23
LaTeX Info: Redefining \rightprotrusion on input line 1078.
LaTeX Info: Redefining \textls on input line 1368.
\MT@outer@kern=\dimen151
LaTeX Info: Redefining \textmicrotypecontext on input line 1988.
\MT@listname@count=\count276

(/usr/local/texlive/2024/texmf-dist/tex/latex/microtype/microtype-pdftex.def
File: microtype-pdftex.def 2023/03/13 v3.1a Definitions specific to pdftex (RS)

LaTeX Info: Redefining \lsstyle on input line 902.
LaTeX Info: Redefining \lslig on input line 902.
\MT@outer@space=\skip59
)
Package microtype Info: Loading configuration file microtype.cfg.

(/usr/local/texlive/2024/texmf-dist/tex/latex/microtype/microtype.cfg
File: microtype.cfg 2023/03/13 v3.1a microtype main configuration file (RS)
))
(/usr/local/texlive/2024/texmf-dist/tex/latex/hyperref/hyperref.sty
Package: hyperref 2024-01-20 v7.01h Hypertext links for LaTeX

(/usr/local/texlive/2024/texmf-dist/tex/latex/kvsetkeys/kvsetkeys.sty
Package: kvsetkeys 2022-10-05 v1.19 Key value parser (HO)
)
(/usr/local/texlive/2024/texmf-dist/tex/generic/kvdefinekeys/kvdefinekeys.sty
Package: kvdefinekeys 2019-12-19 v1.6 Define keys (HO)
)
(/usr/local/texlive/2024/texmf-dist/tex/generic/pdfescape/pdfescape.sty
Package: pdfescape 2019/12/09 v1.15 Implements pdfTeX's escape features (HO)

(/usr/local/texlive/2024/texmf-dist/tex/generic/ltxcmds/ltxcmds.sty
Package: ltxcmds 2023-12-04 v1.26 LaTeX kernel commands for general use (HO)
)
(/usr/local/texlive/2024/texmf-dist/tex/generic/pdftexcmds/pdftexcmds.sty
Package: pdftexcmds 2020-06-27 v0.33 Utility functions of pdfTeX for LuaTeX (HO
)

(/usr/local/texlive/2024/texmf-dist/tex/generic/infwarerr/infwarerr.sty
Package: infwarerr 2019/12/03 v1.5 Providing info/warning/error messages (HO)
)
Package pdftexcmds Info: \pdf@primitive is available.
Package pdftexcmds Info: \pdf@ifprimitive is available.
Package pdftexcmds Info: \pdfdraftmode found.
))
(/usr/local/texlive/2024/texmf-dist/tex/latex/hycolor/hycolor.sty
Package: hycolor 2020-01-27 v1.10 Color options for hyperref/bookmark (HO)
)
(/usr/local/texlive/2024/texmf-dist/tex/latex/auxhook/auxhook.sty
Package: auxhook 2019-12-17 v1.6 Hooks for auxiliary files (HO)
)
(/usr/local/texlive/2024/texmf-dist/tex/latex/hyperref/nameref.sty
Package: nameref 2023-11-26 v2.56 Cross-referencing by name of section

(/usr/local/texlive/2024/texmf-dist/tex/latex/refcount/refcount.sty
Package: refcount 2019/12/15 v3.6 Data extraction from label references (HO)
)
(/usr/local/texlive/2024/texmf-dist/tex/generic/gettitlestring/gettitlestring.s
ty
Package: gettitlestring 2019/12/15 v1.6 Cleanup title references (HO)
 (/usr/local/texlive/2024/texmf-dist/tex/latex/kvoptions/kvoptions.sty
Package: kvoptions 2022-06-15 v3.15 Key value format for package options (HO)
))
\c@section@level=\count277
)
\@linkdim=\dimen152
\Hy@linkcounter=\count278
\Hy@pagecounter=\count279

(/usr/local/texlive/2024/texmf-dist/tex/latex/hyperref/pd1enc.def
File: pd1enc.def 2024-01-20 v7.01h Hyperref: PDFDocEncoding definition (HO)
Now handling font encoding PD1 ...
... no UTF-8 mapping file for font encoding PD1
)
(/usr/local/texlive/2024/texmf-dist/tex/generic/intcalc/intcalc.sty
Package: intcalc 2019/12/15 v1.3 Expandable calculations with integers (HO)
)
\Hy@SavedSpaceFactor=\count280

(/usr/local/texlive/2024/texmf-dist/tex/latex/hyperref/puenc.def
File: puenc.def 2024-01-20 v7.01h Hyperref: PDF Unicode definition (HO)
Now handling font encoding PU ...
... no UTF-8 mapping file for font encoding PU
)
Package hyperref Info: Option `colorlinks' set `true' on input line 4062.
Package hyperref Info: Hyper figures OFF on input line 4179.
Package hyperref Info: Link nesting OFF on input line 4184.
Package hyperref Info: Hyper index ON on input line 4187.
Package hyperref Info: Plain pages OFF on input line 4194.
Package hyperref Info: Backreferencing OFF on input line 4199.
Package hyperref Info: Implicit mode ON; LaTeX internals redefined.
Package hyperref Info: Bookmarks ON on input line 4446.
\c@Hy@tempcnt=\count281

(/usr/local/texlive/2024/texmf-dist/tex/latex/url/url.sty
\Urlmuskip=\muskip16
Package: url 2013/09/16  ver 3.4  Verb mode for urls, etc.
)
LaTeX Info: Redefining \url on input line 4784.
\XeTeXLinkMargin=\dimen153

(/usr/local/texlive/2024/texmf-dist/tex/generic/bitset/bitset.sty
Package: bitset 2019/12/09 v1.3 Handle bit-vector datatype (HO)

(/usr/local/texlive/2024/texmf-dist/tex/generic/bigintcalc/bigintcalc.sty
Package: bigintcalc 2019/12/15 v1.5 Expandable calculations on big integers (HO
)
))
\Fld@menulength=\count282
\Field@Width=\dimen154
\Fld@charsize=\dimen155
Package hyperref Info: Hyper figures OFF on input line 6063.
Package hyperref Info: Link nesting OFF on input line 6068.
Package hyperref Info: Hyper index ON on input line 6071.
Package hyperref Info: backreferencing OFF on input line 6078.
Package hyperref Info: Link coloring ON on input line 6081.
Package hyperref Info: Link coloring with OCG OFF on input line 6088.
Package hyperref Info: PDF/A mode OFF on input line 6093.

(/usr/local/texlive/2024/texmf-dist/tex/latex/base/atbegshi-ltx.sty
Package: atbegshi-ltx 2021/01/10 v1.0c Emulation of the original atbegshi
package with kernel methods
)
\Hy@abspage=\count283
\c@Item=\count284
\c@Hfootnote=\count285
)
Package hyperref Info: Driver (autodetected): hpdftex.

(/usr/local/texlive/2024/texmf-dist/tex/latex/hyperref/hpdftex.def
File: hpdftex.def 2024-01-20 v7.01h Hyperref driver for pdfTeX

(/usr/local/texlive/2024/texmf-dist/tex/latex/base/atveryend-ltx.sty
Package: atveryend-ltx 2020/08/19 v1.0a Emulation of the original atveryend pac
kage
with kernel methods
)
\Fld@listcount=\count286
\c@bookmark@seq@number=\count287

(/usr/local/texlive/2024/texmf-dist/tex/latex/rerunfilecheck/rerunfilecheck.sty
Package: rerunfilecheck 2022-07-10 v1.10 Rerun checks for auxiliary files (HO)

(/usr/local/texlive/2024/texmf-dist/tex/generic/uniquecounter/uniquecounter.sty
Package: uniquecounter 2019/12/15 v1.4 Provide unlimited unique counter (HO)
)
Package uniquecounter Info: New unique counter `rerunfilecheck' on input line 2
85.
)
\Hy@SectionHShift=\skip60
) (/usr/local/texlive/2024/texmf-dist/tex/latex/amsmath/amsmath.sty
Package: amsmath 2023/05/13 v2.17o AMS math features
\@mathmargin=\skip61

For additional information on amsmath, use the `?' option.
(/usr/local/texlive/2024/texmf-dist/tex/latex/amsmath/amstext.sty
Package: amstext 2021/08/26 v2.01 AMS text

(/usr/local/texlive/2024/texmf-dist/tex/latex/amsmath/amsgen.sty
File: amsgen.sty 1999/11/30 v2.0 generic functions
\@emptytoks=\toks24
\ex@=\dimen156
))
(/usr/local/texlive/2024/texmf-dist/tex/latex/amsmath/amsbsy.sty
Package: amsbsy 1999/11/29 v1.2d Bold Symbols
\pmbraise@=\dimen157
)
(/usr/local/texlive/2024/texmf-dist/tex/latex/amsmath/amsopn.sty
Package: amsopn 2022/04/08 v2.04 operator names
)
\inf@bad=\count288
LaTeX Info: Redefining \frac on input line 234.
\uproot@=\count289
\leftroot@=\count290
LaTeX Info: Redefining \overline on input line 399.
LaTeX Info: Redefining \colon on input line 410.
\classnum@=\count291
\DOTSCASE@=\count292
LaTeX Info: Redefining \ldots on input line 496.
LaTeX Info: Redefining \dots on input line 499.
LaTeX Info: Redefining \cdots on input line 620.
\Mathstrutbox@=\box52
\strutbox@=\box53
LaTeX Info: Redefining \big on input line 722.
LaTeX Info: Redefining \Big on input line 723.
LaTeX Info: Redefining \bigg on input line 724.
LaTeX Info: Redefining \Bigg on input line 725.
\big@size=\dimen158
LaTeX Font Info:    Redeclaring font encoding OML on input line 743.
LaTeX Font Info:    Redeclaring font encoding OMS on input line 744.
\macc@depth=\count293
LaTeX Info: Redefining \bmod on input line 905.
LaTeX Info: Redefining \pmod on input line 910.
LaTeX Info: Redefining \smash on input line 940.
LaTeX Info: Redefining \relbar on input line 970.
LaTeX Info: Redefining \Relbar on input line 971.
\c@MaxMatrixCols=\count294
\dotsspace@=\muskip17
\c@parentequation=\count295
\dspbrk@lvl=\count296
\tag@help=\toks25
\row@=\count297
\column@=\count298
\maxfields@=\count299
\andhelp@=\toks26
\eqnshift@=\dimen159
\alignsep@=\dimen160
\tagshift@=\dimen161
\tagwidth@=\dimen162
\totwidth@=\dimen163
\lineht@=\dimen164
\@envbody=\toks27
\multlinegap=\skip62
\multlinetaggap=\skip63
\mathdisplay@stack=\toks28
LaTeX Info: Redefining \[ on input line 2953.
LaTeX Info: Redefining \] on input line 2954.
)
(/usr/local/texlive/2024/texmf-dist/tex/latex/amscls/amsthm.sty
Package: amsthm 2020/05/29 v2.20.6
\thm@style=\toks29
\thm@bodyfont=\toks30
\thm@headfont=\toks31
\thm@notefont=\toks32
\thm@headpunct=\toks33
\thm@preskip=\skip64
\thm@postskip=\skip65
\thm@headsep=\skip66
\dth@everypar=\toks34
)
(/usr/local/texlive/2024/texmf-dist/tex/latex/amsfonts/amsfonts.sty
Package: amsfonts 2013/01/14 v3.01 Basic AMSFonts support
\symAMSa=\mathgroup4
\symAMSb=\mathgroup5
LaTeX Font Info:    Redeclaring math symbol \hbar on input line 98.
LaTeX Font Info:    Overwriting math alphabet `\mathfrak' in version `bold'
(Font)                  U/euf/m/n --> U/euf/b/n on input line 106.
)
(/usr/local/texlive/2024/texmf-dist/tex/latex/amsmath/amscd.sty
Package: amscd 2017/04/14 v2.1 AMS Commutative Diagrams
\athelp@=\toks35
\minaw@=\dimen165
\bigaw@=\dimen166
\minCDarrowwidth=\dimen167
)
(/usr/local/texlive/2024/texmf-dist/tex/latex/amsfonts/amssymb.sty
Package: amssymb 2013/01/14 v3.01 AMS font symbols
)
(/usr/local/texlive/2024/texmf-dist/tex/latex/natbib/natbib.sty
Package: natbib 2010/09/13 8.31b (PWD, AO)
\bibhang=\skip67
\bibsep=\skip68
LaTeX Info: Redefining \cite on input line 694.
\c@NAT@ctr=\count300
)
(/usr/local/texlive/2024/texmf-dist/tex/latex/xcolor/xcolor.sty
Package: xcolor 2023/11/15 v3.01 LaTeX color extensions (UK)

(/usr/local/texlive/2024/texmf-dist/tex/latex/graphics-cfg/color.cfg
File: color.cfg 2016/01/02 v1.6 sample color configuration
)
Package xcolor Info: Driver file: pdftex.def on input line 274.

(/usr/local/texlive/2024/texmf-dist/tex/latex/graphics-def/pdftex.def
File: pdftex.def 2022/09/22 v1.2b Graphics/color driver for pdftex
)
(/usr/local/texlive/2024/texmf-dist/tex/latex/graphics/mathcolor.ltx)
Package xcolor Info: Model `cmy' substituted by `cmy0' on input line 1350.
Package xcolor Info: Model `hsb' substituted by `rgb' on input line 1354.
Package xcolor Info: Model `RGB' extended on input line 1366.
Package xcolor Info: Model `HTML' substituted by `rgb' on input line 1368.
Package xcolor Info: Model `Hsb' substituted by `hsb' on input line 1369.
Package xcolor Info: Model `tHsb' substituted by `hsb' on input line 1370.
Package xcolor Info: Model `HSB' substituted by `hsb' on input line 1371.
Package xcolor Info: Model `Gray' substituted by `gray' on input line 1372.
Package xcolor Info: Model `wave' substituted by `hsb' on input line 1373.
)
(/usr/local/texlive/2024/texmf-dist/tex/latex/colortbl/colortbl.sty
Package: colortbl 2024/02/20 v1.0g Color table columns (DPC)

(/usr/local/texlive/2024/texmf-dist/tex/latex/tools/array.sty
Package: array 2023/10/16 v2.5g Tabular extension package (FMi)
\col@sep=\dimen168
\ar@mcellbox=\box54
\extrarowheight=\dimen169
\NC@list=\toks36
\extratabsurround=\skip69
\backup@length=\skip70
\ar@cellbox=\box55
)
\everycr=\toks37
\minrowclearance=\skip71
\rownum=\count301
)
(/usr/local/texlive/2024/texmf-dist/tex/latex/cleveref/cleveref.sty
Package: cleveref 2018/03/27 v0.21.4 Intelligent cross-referencing
Package cleveref Info: `hyperref' support loaded on input line 2370.
LaTeX Info: Redefining \cref on input line 2370.
LaTeX Info: Redefining \Cref on input line 2370.
LaTeX Info: Redefining \crefrange on input line 2370.
LaTeX Info: Redefining \Crefrange on input line 2370.
LaTeX Info: Redefining \cpageref on input line 2370.
LaTeX Info: Redefining \Cpageref on input line 2370.
LaTeX Info: Redefining \cpagerefrange on input line 2370.
LaTeX Info: Redefining \Cpagerefrange on input line 2370.
LaTeX Info: Redefining \labelcref on input line 2370.
LaTeX Info: Redefining \labelcpageref on input line 2370.
Package cleveref Info: `amsthm' support loaded on input line 3026.
Package cleveref Info: always capitalise cross-reference names on input line 78
30.
Package cleveref Info: always capitalise cross-reference names on input line 78
52.
)
(/usr/local/texlive/2024/texmf-dist/tex/latex/pgf/frontendlayer/tikz.sty
(/usr/local/texlive/2024/texmf-dist/tex/latex/pgf/basiclayer/pgf.sty
(/usr/local/texlive/2024/texmf-dist/tex/latex/pgf/utilities/pgfrcs.sty
(/usr/local/texlive/2024/texmf-dist/tex/generic/pgf/utilities/pgfutil-common.te
x
\pgfutil@everybye=\toks38
\pgfutil@tempdima=\dimen170
\pgfutil@tempdimb=\dimen171
)
(/usr/local/texlive/2024/texmf-dist/tex/generic/pgf/utilities/pgfutil-latex.def
\pgfutil@abb=\box56
) (/usr/local/texlive/2024/texmf-dist/tex/generic/pgf/utilities/pgfrcs.code.tex
(/usr/local/texlive/2024/texmf-dist/tex/generic/pgf/pgf.revision.tex)
Package: pgfrcs 2023-01-15 v3.1.10 (3.1.10)
))
Package: pgf 2023-01-15 v3.1.10 (3.1.10)

(/usr/local/texlive/2024/texmf-dist/tex/latex/pgf/basiclayer/pgfcore.sty
(/usr/local/texlive/2024/texmf-dist/tex/latex/graphics/graphicx.sty
Package: graphicx 2021/09/16 v1.2d Enhanced LaTeX Graphics (DPC,SPQR)

(/usr/local/texlive/2024/texmf-dist/tex/latex/graphics/graphics.sty
Package: graphics 2022/03/10 v1.4e Standard LaTeX Graphics (DPC,SPQR)

(/usr/local/texlive/2024/texmf-dist/tex/latex/graphics/trig.sty
Package: trig 2021/08/11 v1.11 sin cos tan (DPC)
)
(/usr/local/texlive/2024/texmf-dist/tex/latex/graphics-cfg/graphics.cfg
File: graphics.cfg 2016/06/04 v1.11 sample graphics configuration
)
Package graphics Info: Driver file: pdftex.def on input line 107.
)
\Gin@req@height=\dimen172
\Gin@req@width=\dimen173
)
(/usr/local/texlive/2024/texmf-dist/tex/latex/pgf/systemlayer/pgfsys.sty
(/usr/local/texlive/2024/texmf-dist/tex/generic/pgf/systemlayer/pgfsys.code.tex
Package: pgfsys 2023-01-15 v3.1.10 (3.1.10)
(/usr/local/texlive/2024/texmf-dist/tex/generic/pgf/utilities/pgfkeys.code.tex
\pgfkeys@pathtoks=\toks39
\pgfkeys@temptoks=\toks40

(/usr/local/texlive/2024/texmf-dist/tex/generic/pgf/utilities/pgfkeyslibraryfil
tered.code.tex
\pgfkeys@tmptoks=\toks41
))
\pgf@x=\dimen174
\pgf@y=\dimen175
\pgf@xa=\dimen176
\pgf@ya=\dimen177
\pgf@xb=\dimen178
\pgf@yb=\dimen179
\pgf@xc=\dimen180
\pgf@yc=\dimen181
\pgf@xd=\dimen182
\pgf@yd=\dimen183
\w@pgf@writea=\write3
\r@pgf@reada=\read3
\c@pgf@counta=\count302
\c@pgf@countb=\count303
\c@pgf@countc=\count304
\c@pgf@countd=\count305
\t@pgf@toka=\toks42
\t@pgf@tokb=\toks43
\t@pgf@tokc=\toks44
\pgf@sys@id@count=\count306

(/usr/local/texlive/2024/texmf-dist/tex/generic/pgf/systemlayer/pgf.cfg
File: pgf.cfg 2023-01-15 v3.1.10 (3.1.10)
)
Driver file for pgf: pgfsys-pdftex.def

(/usr/local/texlive/2024/texmf-dist/tex/generic/pgf/systemlayer/pgfsys-pdftex.d
ef
File: pgfsys-pdftex.def 2023-01-15 v3.1.10 (3.1.10)

(/usr/local/texlive/2024/texmf-dist/tex/generic/pgf/systemlayer/pgfsys-common-p
df.def
File: pgfsys-common-pdf.def 2023-01-15 v3.1.10 (3.1.10)
)))
(/usr/local/texlive/2024/texmf-dist/tex/generic/pgf/systemlayer/pgfsyssoftpath.
code.tex
File: pgfsyssoftpath.code.tex 2023-01-15 v3.1.10 (3.1.10)
\pgfsyssoftpath@smallbuffer@items=\count307
\pgfsyssoftpath@bigbuffer@items=\count308
)
(/usr/local/texlive/2024/texmf-dist/tex/generic/pgf/systemlayer/pgfsysprotocol.
code.tex
File: pgfsysprotocol.code.tex 2023-01-15 v3.1.10 (3.1.10)
))
(/usr/local/texlive/2024/texmf-dist/tex/generic/pgf/basiclayer/pgfcore.code.tex
Package: pgfcore 2023-01-15 v3.1.10 (3.1.10)
(/usr/local/texlive/2024/texmf-dist/tex/generic/pgf/math/pgfmath.code.tex
(/usr/local/texlive/2024/texmf-dist/tex/generic/pgf/math/pgfmathutil.code.tex)
(/usr/local/texlive/2024/texmf-dist/tex/generic/pgf/math/pgfmathparser.code.tex
\pgfmath@dimen=\dimen184
\pgfmath@count=\count309
\pgfmath@box=\box57
\pgfmath@toks=\toks45
\pgfmath@stack@operand=\toks46
\pgfmath@stack@operation=\toks47
)
(/usr/local/texlive/2024/texmf-dist/tex/generic/pgf/math/pgfmathfunctions.code.
tex)
(/usr/local/texlive/2024/texmf-dist/tex/generic/pgf/math/pgfmathfunctions.basic
.code.tex)
(/usr/local/texlive/2024/texmf-dist/tex/generic/pgf/math/pgfmathfunctions.trigo
nometric.code.tex)
(/usr/local/texlive/2024/texmf-dist/tex/generic/pgf/math/pgfmathfunctions.rando
m.code.tex)
(/usr/local/texlive/2024/texmf-dist/tex/generic/pgf/math/pgfmathfunctions.compa
rison.code.tex)
(/usr/local/texlive/2024/texmf-dist/tex/generic/pgf/math/pgfmathfunctions.base.
code.tex)
(/usr/local/texlive/2024/texmf-dist/tex/generic/pgf/math/pgfmathfunctions.round
.code.tex)
(/usr/local/texlive/2024/texmf-dist/tex/generic/pgf/math/pgfmathfunctions.misc.
code.tex)
(/usr/local/texlive/2024/texmf-dist/tex/generic/pgf/math/pgfmathfunctions.integ
erarithmetics.code.tex)
(/usr/local/texlive/2024/texmf-dist/tex/generic/pgf/math/pgfmathcalc.code.tex)
(/usr/local/texlive/2024/texmf-dist/tex/generic/pgf/math/pgfmathfloat.code.tex
\c@pgfmathroundto@lastzeros=\count310
)) (/usr/local/texlive/2024/texmf-dist/tex/generic/pgf/math/pgfint.code.tex)
(/usr/local/texlive/2024/texmf-dist/tex/generic/pgf/basiclayer/pgfcorepoints.co
de.tex
File: pgfcorepoints.code.tex 2023-01-15 v3.1.10 (3.1.10)
\pgf@picminx=\dimen185
\pgf@picmaxx=\dimen186
\pgf@picminy=\dimen187
\pgf@picmaxy=\dimen188
\pgf@pathminx=\dimen189
\pgf@pathmaxx=\dimen190
\pgf@pathminy=\dimen191
\pgf@pathmaxy=\dimen192
\pgf@xx=\dimen193
\pgf@xy=\dimen194
\pgf@yx=\dimen195
\pgf@yy=\dimen196
\pgf@zx=\dimen197
\pgf@zy=\dimen198
)
(/usr/local/texlive/2024/texmf-dist/tex/generic/pgf/basiclayer/pgfcorepathconst
ruct.code.tex
File: pgfcorepathconstruct.code.tex 2023-01-15 v3.1.10 (3.1.10)
\pgf@path@lastx=\dimen199
\pgf@path@lasty=\dimen256
)
(/usr/local/texlive/2024/texmf-dist/tex/generic/pgf/basiclayer/pgfcorepathusage
.code.tex
File: pgfcorepathusage.code.tex 2023-01-15 v3.1.10 (3.1.10)
\pgf@shorten@end@additional=\dimen257
\pgf@shorten@start@additional=\dimen258
)
(/usr/local/texlive/2024/texmf-dist/tex/generic/pgf/basiclayer/pgfcorescopes.co
de.tex
File: pgfcorescopes.code.tex 2023-01-15 v3.1.10 (3.1.10)
\pgfpic=\box58
\pgf@hbox=\box59
\pgf@layerbox@main=\box60
\pgf@picture@serial@count=\count311
)
(/usr/local/texlive/2024/texmf-dist/tex/generic/pgf/basiclayer/pgfcoregraphicst
ate.code.tex
File: pgfcoregraphicstate.code.tex 2023-01-15 v3.1.10 (3.1.10)
\pgflinewidth=\dimen259
)
(/usr/local/texlive/2024/texmf-dist/tex/generic/pgf/basiclayer/pgfcoretransform
ations.code.tex
File: pgfcoretransformations.code.tex 2023-01-15 v3.1.10 (3.1.10)
\pgf@pt@x=\dimen260
\pgf@pt@y=\dimen261
\pgf@pt@temp=\dimen262
)
(/usr/local/texlive/2024/texmf-dist/tex/generic/pgf/basiclayer/pgfcorequick.cod
e.tex
File: pgfcorequick.code.tex 2023-01-15 v3.1.10 (3.1.10)
)
(/usr/local/texlive/2024/texmf-dist/tex/generic/pgf/basiclayer/pgfcoreobjects.c
ode.tex
File: pgfcoreobjects.code.tex 2023-01-15 v3.1.10 (3.1.10)
)
(/usr/local/texlive/2024/texmf-dist/tex/generic/pgf/basiclayer/pgfcorepathproce
ssing.code.tex
File: pgfcorepathprocessing.code.tex 2023-01-15 v3.1.10 (3.1.10)
)
(/usr/local/texlive/2024/texmf-dist/tex/generic/pgf/basiclayer/pgfcorearrows.co
de.tex
File: pgfcorearrows.code.tex 2023-01-15 v3.1.10 (3.1.10)
\pgfarrowsep=\dimen263
)
(/usr/local/texlive/2024/texmf-dist/tex/generic/pgf/basiclayer/pgfcoreshade.cod
e.tex
File: pgfcoreshade.code.tex 2023-01-15 v3.1.10 (3.1.10)
\pgf@max=\dimen264
\pgf@sys@shading@range@num=\count312
\pgf@shadingcount=\count313
)
(/usr/local/texlive/2024/texmf-dist/tex/generic/pgf/basiclayer/pgfcoreimage.cod
e.tex
File: pgfcoreimage.code.tex 2023-01-15 v3.1.10 (3.1.10)
)
(/usr/local/texlive/2024/texmf-dist/tex/generic/pgf/basiclayer/pgfcoreexternal.
code.tex
File: pgfcoreexternal.code.tex 2023-01-15 v3.1.10 (3.1.10)
\pgfexternal@startupbox=\box61
)
(/usr/local/texlive/2024/texmf-dist/tex/generic/pgf/basiclayer/pgfcorelayers.co
de.tex
File: pgfcorelayers.code.tex 2023-01-15 v3.1.10 (3.1.10)
)
(/usr/local/texlive/2024/texmf-dist/tex/generic/pgf/basiclayer/pgfcoretranspare
ncy.code.tex
File: pgfcoretransparency.code.tex 2023-01-15 v3.1.10 (3.1.10)
)
(/usr/local/texlive/2024/texmf-dist/tex/generic/pgf/basiclayer/pgfcorepatterns.
code.tex
File: pgfcorepatterns.code.tex 2023-01-15 v3.1.10 (3.1.10)
)
(/usr/local/texlive/2024/texmf-dist/tex/generic/pgf/basiclayer/pgfcorerdf.code.
tex
File: pgfcorerdf.code.tex 2023-01-15 v3.1.10 (3.1.10)
)))
(/usr/local/texlive/2024/texmf-dist/tex/generic/pgf/modules/pgfmoduleshapes.cod
e.tex
File: pgfmoduleshapes.code.tex 2023-01-15 v3.1.10 (3.1.10)
\pgfnodeparttextbox=\box62
)
(/usr/local/texlive/2024/texmf-dist/tex/generic/pgf/modules/pgfmoduleplot.code.
tex
File: pgfmoduleplot.code.tex 2023-01-15 v3.1.10 (3.1.10)
)
(/usr/local/texlive/2024/texmf-dist/tex/latex/pgf/compatibility/pgfcomp-version
-0-65.sty
Package: pgfcomp-version-0-65 2023-01-15 v3.1.10 (3.1.10)
\pgf@nodesepstart=\dimen265
\pgf@nodesepend=\dimen266
)
(/usr/local/texlive/2024/texmf-dist/tex/latex/pgf/compatibility/pgfcomp-version
-1-18.sty
Package: pgfcomp-version-1-18 2023-01-15 v3.1.10 (3.1.10)
))
(/usr/local/texlive/2024/texmf-dist/tex/latex/pgf/utilities/pgffor.sty
(/usr/local/texlive/2024/texmf-dist/tex/latex/pgf/utilities/pgfkeys.sty
(/usr/local/texlive/2024/texmf-dist/tex/generic/pgf/utilities/pgfkeys.code.tex)
) (/usr/local/texlive/2024/texmf-dist/tex/latex/pgf/math/pgfmath.sty
(/usr/local/texlive/2024/texmf-dist/tex/generic/pgf/math/pgfmath.code.tex))
(/usr/local/texlive/2024/texmf-dist/tex/generic/pgf/utilities/pgffor.code.tex
Package: pgffor 2023-01-15 v3.1.10 (3.1.10)
\pgffor@iter=\dimen267
\pgffor@skip=\dimen268
\pgffor@stack=\toks48
\pgffor@toks=\toks49
))
(/usr/local/texlive/2024/texmf-dist/tex/generic/pgf/frontendlayer/tikz/tikz.cod
e.tex
Package: tikz 2023-01-15 v3.1.10 (3.1.10)

(/usr/local/texlive/2024/texmf-dist/tex/generic/pgf/libraries/pgflibraryplothan
dlers.code.tex
File: pgflibraryplothandlers.code.tex 2023-01-15 v3.1.10 (3.1.10)
\pgf@plot@mark@count=\count314
\pgfplotmarksize=\dimen269
)
\tikz@lastx=\dimen270
\tikz@lasty=\dimen271
\tikz@lastxsaved=\dimen272
\tikz@lastysaved=\dimen273
\tikz@lastmovetox=\dimen274
\tikz@lastmovetoy=\dimen275
\tikzleveldistance=\dimen276
\tikzsiblingdistance=\dimen277
\tikz@figbox=\box63
\tikz@figbox@bg=\box64
\tikz@tempbox=\box65
\tikz@tempbox@bg=\box66
\tikztreelevel=\count315
\tikznumberofchildren=\count316
\tikznumberofcurrentchild=\count317
\tikz@fig@count=\count318

(/usr/local/texlive/2024/texmf-dist/tex/generic/pgf/modules/pgfmodulematrix.cod
e.tex
File: pgfmodulematrix.code.tex 2023-01-15 v3.1.10 (3.1.10)
\pgfmatrixcurrentrow=\count319
\pgfmatrixcurrentcolumn=\count320
\pgf@matrix@numberofcolumns=\count321
)
\tikz@expandcount=\count322

(/usr/local/texlive/2024/texmf-dist/tex/generic/pgf/frontendlayer/tikz/librarie
s/tikzlibrarytopaths.code.tex
File: tikzlibrarytopaths.code.tex 2023-01-15 v3.1.10 (3.1.10)
)))
(/usr/local/texlive/2024/texmf-dist/tex/generic/pgf/frontendlayer/tikz/librarie
s/tikzlibrarytrees.code.tex
File: tikzlibrarytrees.code.tex 2023-01-15 v3.1.10 (3.1.10)
)
(/usr/local/texlive/2024/texmf-dist/tex/latex/forest/forest.sty
Package: forest 2017/07/14 v2.1.5 Drawing (linguistic) trees

(/usr/local/texlive/2024/texmf-dist/tex/generic/pgf/frontendlayer/tikz/librarie
s/tikzlibraryshapes.code.tex
File: tikzlibraryshapes.code.tex 2023-01-15 v3.1.10 (3.1.10)

(/usr/local/texlive/2024/texmf-dist/tex/generic/pgf/frontendlayer/tikz/librarie
s/tikzlibraryshapes.geometric.code.tex
File: tikzlibraryshapes.geometric.code.tex 2023-01-15 v3.1.10 (3.1.10)

(/usr/local/texlive/2024/texmf-dist/tex/generic/pgf/libraries/shapes/pgflibrary
shapes.geometric.code.tex
File: pgflibraryshapes.geometric.code.tex 2023-01-15 v3.1.10 (3.1.10)
))
(/usr/local/texlive/2024/texmf-dist/tex/generic/pgf/frontendlayer/tikz/librarie
s/tikzlibraryshapes.misc.code.tex
File: tikzlibraryshapes.misc.code.tex 2023-01-15 v3.1.10 (3.1.10)

(/usr/local/texlive/2024/texmf-dist/tex/generic/pgf/libraries/shapes/pgflibrary
shapes.misc.code.tex
File: pgflibraryshapes.misc.code.tex 2023-01-15 v3.1.10 (3.1.10)
))
(/usr/local/texlive/2024/texmf-dist/tex/generic/pgf/frontendlayer/tikz/librarie
s/tikzlibraryshapes.symbols.code.tex
File: tikzlibraryshapes.symbols.code.tex 2023-01-15 v3.1.10 (3.1.10)

(/usr/local/texlive/2024/texmf-dist/tex/generic/pgf/libraries/shapes/pgflibrary
shapes.symbols.code.tex
File: pgflibraryshapes.symbols.code.tex 2023-01-15 v3.1.10 (3.1.10)
))
(/usr/local/texlive/2024/texmf-dist/tex/generic/pgf/frontendlayer/tikz/librarie
s/tikzlibraryshapes.arrows.code.tex
File: tikzlibraryshapes.arrows.code.tex 2023-01-15 v3.1.10 (3.1.10)

(/usr/local/texlive/2024/texmf-dist/tex/generic/pgf/libraries/shapes/pgflibrary
shapes.arrows.code.tex
File: pgflibraryshapes.arrows.code.tex 2023-01-15 v3.1.10 (3.1.10)
))
(/usr/local/texlive/2024/texmf-dist/tex/generic/pgf/frontendlayer/tikz/librarie
s/tikzlibraryshapes.callouts.code.tex
(/usr/local/texlive/2024/texmf-dist/tex/generic/pgf/libraries/shapes/pgflibrary
shapes.callouts.code.tex))
(/usr/local/texlive/2024/texmf-dist/tex/generic/pgf/frontendlayer/tikz/librarie
s/tikzlibraryshapes.multipart.code.tex
File: tikzlibraryshapes.multipart.code.tex 2023-01-15 v3.1.10 (3.1.10)

(/usr/local/texlive/2024/texmf-dist/tex/generic/pgf/libraries/shapes/pgflibrary
shapes.multipart.code.tex
File: pgflibraryshapes.multipart.code.tex 2023-01-15 v3.1.10 (3.1.10)
\pgfnodepartlowerbox=\box67
\pgfnodeparttwobox=\box68
\pgfnodepartthreebox=\box69
\pgfnodepartfourbox=\box70
\pgfnodeparttwentybox=\box71
\pgfnodepartnineteenbox=\box72
\pgfnodeparteighteenbox=\box73
\pgfnodepartseventeenbox=\box74
\pgfnodepartsixteenbox=\box75
\pgfnodepartfifteenbox=\box76
\pgfnodepartfourteenbox=\box77
\pgfnodepartthirteenbox=\box78
\pgfnodeparttwelvebox=\box79
\pgfnodepartelevenbox=\box80
\pgfnodeparttenbox=\box81
\pgfnodepartninebox=\box82
\pgfnodeparteightbox=\box83
\pgfnodepartsevenbox=\box84
\pgfnodepartsixbox=\box85
\pgfnodepartfivebox=\box86
)))
(/usr/local/texlive/2024/texmf-dist/tex/generic/pgf/frontendlayer/tikz/librarie
s/tikzlibraryfit.code.tex
File: tikzlibraryfit.code.tex 2023-01-15 v3.1.10 (3.1.10)
)
(/usr/local/texlive/2024/texmf-dist/tex/generic/pgf/frontendlayer/tikz/librarie
s/tikzlibrarycalc.code.tex
File: tikzlibrarycalc.code.tex 2023-01-15 v3.1.10 (3.1.10)
)
(/usr/local/texlive/2024/texmf-dist/tex/generic/pgf/libraries/pgflibraryinterse
ctions.code.tex
(/usr/local/texlive/2024/texmf-dist/tex/generic/pgf/libraries/pgflibraryfpu.cod
e.tex)
\pgf@intersect@solutions=\count323
) (/usr/local/texlive/2024/texmf-dist/tex/latex/pgfopts/pgfopts.sty
Package: pgfopts 2014/07/10 v2.1a LaTeX package options with pgfkeys
\pgfopts@list@add@a@toks=\toks50
\pgfopts@list@add@b@toks=\toks51
)
(/usr/local/texlive/2024/texmf-dist/tex/latex/elocalloc/elocalloc.sty
Package: elocalloc 2016/12/15 v0.03 local allocation for LaTeX 2015+ (DPC)
)
(/usr/local/texlive/2024/texmf-dist/tex/latex/environ/environ.sty
Package: environ 2014/05/04 v0.3 A new way to define environments

(/usr/local/texlive/2024/texmf-dist/tex/latex/trimspaces/trimspaces.sty
Package: trimspaces 2009/09/17 v1.1 Trim spaces around a token list
))
(/usr/local/texlive/2024/texmf-dist/tex/latex/l3packages/xparse/xparse.sty
(/usr/local/texlive/2024/texmf-dist/tex/latex/l3kernel/expl3.sty
Package: expl3 2024-02-20 L3 programming layer (loader) 

(/usr/local/texlive/2024/texmf-dist/tex/latex/l3backend/l3backend-pdftex.def
File: l3backend-pdftex.def 2024-02-20 L3 backend support: PDF output (pdfTeX)
\l__color_backend_stack_int=\count324
\l__pdf_internal_box=\box87
))
Package: xparse 2024-02-18 L3 Experimental document command parser
) (/usr/local/texlive/2024/texmf-dist/tex/latex/inlinedef/inlinedef.sty
Package: inlinedef 2008/07/10 v1.0 Inlined expansions within definitions
\ID@toks=\toks52
\ID@count=\count325
)
\ID@usercommands=\toks53
\safeloop@depth=\count326
\safeRKloop@depth=\count327
\forest@temp@dimen=\dimen278
\forest@temp@count=\count328
\forest@n=\count329
\forest@temp@global@count=\count330
\forest@temp@toks=\toks54
\forest@temparray@M=\count331
\forest@temparray@N=\count332
\forest@global@temparray@M=\count333
\forest@global@temparray@N=\count334
\forest@isnum@count=\count335
\forest@isdim@nonintpart=\count336
\forest@isdim@dimen=\dimen279
\forest@sort@m=\count337
\forest@sort@k=\count338
\forest@sort@p=\count339
\bracket@content=\toks55
\bracket@afterthought=\toks56
\forest@node@maxid=\count340
\forest@process@left@M=\count341
\forest@process@left@N=\count342
\forest@process@right@M=\count343
\forest@process@right@N=\count344
\forest@process@saved@M=\count345
\forest@process@saved@N=\count346
\forest@process@result@M=\count347
\forest@process@result@N=\count348
\forest@process@n=\count349
\forest@nodewalk@branch@toks=\toks57
\forest@nodewalk@shortsteps@resolution=\toks58
\forest@do@dynamics=\toks59
\forest@box=\box88
\forest@xg=\dimen280
\forest@yg=\dimen281
\forest@xs=\dimen282
\forest@ys=\dimen283
\forest@pi@toks=\toks60
\forest@segment@toks=\toks61
\forest@PIi@toks=\toks62
\forest@PIii@toks=\toks63
\forest@copy@in=\read4
\forest@copy@out=\write4
\forest@externalize@max@outer@n=\count350
\forest@externalize@inner@n=\count351
)
(/usr/local/texlive/2024/texmf-dist/tex/latex/caption/subcaption.sty
Package: subcaption 2023/07/28 v1.6b Sub-captions (AR)

(/usr/local/texlive/2024/texmf-dist/tex/latex/caption/caption.sty
Package: caption 2023/08/05 v3.6o Customizing captions (AR)

(/usr/local/texlive/2024/texmf-dist/tex/latex/caption/caption3.sty
Package: caption3 2023/07/31 v2.4d caption3 kernel (AR)
\caption@tempdima=\dimen284
\captionmargin=\dimen285
\caption@leftmargin=\dimen286
\caption@rightmargin=\dimen287
\caption@width=\dimen288
\caption@indent=\dimen289
\caption@parindent=\dimen290
\caption@hangindent=\dimen291
Package caption Info: Standard document class detected.
)
\c@caption@flags=\count352
\c@continuedfloat=\count353
Package caption Info: hyperref package is loaded.
)
Package caption Info: New subtype `subfigure' on input line 238.
\c@subfigure=\count354
Package caption Info: New subtype `subtable' on input line 238.
\c@subtable=\count355
)
(/usr/local/texlive/2024/texmf-dist/tex/latex/mathtools/mathtools.sty
Package: mathtools 2024/03/11 v1.30 mathematical typesetting tools

(/usr/local/texlive/2024/texmf-dist/tex/latex/tools/calc.sty
Package: calc 2023/07/08 v4.3 Infix arithmetic (KKT,FJ)
\calc@Acount=\count356
\calc@Bcount=\count357
\calc@Adimen=\dimen292
\calc@Bdimen=\dimen293
\calc@Askip=\skip72
\calc@Bskip=\skip73
LaTeX Info: Redefining \setlength on input line 80.
LaTeX Info: Redefining \addtolength on input line 81.
\calc@Ccount=\count358
\calc@Cskip=\skip74
)
(/usr/local/texlive/2024/texmf-dist/tex/latex/mathtools/mhsetup.sty
Package: mhsetup 2021/03/18 v1.4 programming setup (MH)
)
\g_MT_multlinerow_int=\count359
\l_MT_multwidth_dim=\dimen294
\origjot=\skip75
\l_MT_shortvdotswithinadjustabove_dim=\dimen295
\l_MT_shortvdotswithinadjustbelow_dim=\dimen296
\l_MT_above_intertext_sep=\dimen297
\l_MT_below_intertext_sep=\dimen298
\l_MT_above_shortintertext_sep=\dimen299
\l_MT_below_shortintertext_sep=\dimen300
\xmathstrut@box=\box89
\xmathstrut@dim=\dimen301
)
(/usr/local/texlive/2024/texmf-dist/tex/latex/enumitem/enumitem.sty
Package: enumitem 2019/06/20 v3.9 Customized lists
\labelindent=\skip76
\enit@outerparindent=\dimen302
\enit@toks=\toks64
\enit@inbox=\box90
\enit@count@id=\count360
\enitdp@description=\count361
)
(/usr/local/texlive/2024/texmf-dist/tex/latex/preprint/authblk.sty
Package: authblk 2001/02/27 1.3 (PWD)
\affilsep=\skip77
\@affilsep=\skip78
\c@Maxaffil=\count362
\c@authors=\count363
\c@affil=\count364
)
(/usr/local/texlive/2024/texmf-dist/tex/latex/tools/bm.sty
Package: bm 2023/07/08 v1.2f Bold Symbol Support (DPC/FMi)
\symboldoperators=\mathgroup6
\symboldletters=\mathgroup7
\symboldsymbols=\mathgroup8
Package bm Info: No bold for \OMX/cmex/m/n, using \pmb.
Package bm Info: No bold for \U/msa/m/n, using \pmb.
Package bm Info: No bold for \U/msb/m/n, using \pmb.
LaTeX Font Info:    Redeclaring math alphabet \mathbf on input line 149.
)
(/usr/local/texlive/2024/texmf-dist/tex/latex/comment/comment.sty
\CommentStream=\write5

Excluding comment 'comment')
(/usr/local/texlive/2024/texmf-dist/tex/latex/pdfpages/pdfpages.sty
Package: pdfpages 2024/01/21 v0.5y Insert pages of external PDF documents (AM)

(/usr/local/texlive/2024/texmf-dist/tex/latex/base/ifthen.sty
Package: ifthen 2022/04/13 v1.1d Standard LaTeX ifthen package (DPC)
)
(/usr/local/texlive/2024/texmf-dist/tex/latex/eso-pic/eso-pic.sty
Package: eso-pic 2023/05/03 v3.0c eso-pic (RN)
\ESO@tempdima=\dimen303
\ESO@tempdimb=\dimen304
)
\AM@pagewidth=\dimen305
\AM@pageheight=\dimen306
\AM@fboxrule=\dimen307

(/usr/local/texlive/2024/texmf-dist/tex/latex/pdfpages/pppdftex.def
File: pppdftex.def 2024/01/21 v0.5y Pdfpages driver for pdfTeX (AM)
)
\pdfpages@includegraphics@status=\count365
\AM@pagebox=\box91
\AM@global@opts=\toks65
\AM@pagecnt=\count366
\AM@toc@title=\toks66
\AM@lof@heading=\toks67
\c@AM@survey=\count367
\AM@templatesizebox=\box92
)
(/usr/local/texlive/2024/texmf-dist/tex/latex/float/float.sty
Package: float 2001/11/08 v1.3d Float enhancements (AL)
\c@float@type=\count368
\float@exts=\toks68
\float@box=\box93
\@float@everytoks=\toks69
\@floatcapt=\box94
)
(/usr/local/texlive/2024/texmf-dist/tex/latex/multirow/multirow.sty
Package: multirow 2021/03/15 v2.8 Span multiple rows of a table
\multirow@colwidth=\skip79
\multirow@cntb=\count369
\multirow@dima=\skip80
\bigstrutjot=\dimen308
)
(/usr/local/texlive/2024/texmf-dist/tex/latex/algorithm2e/algorithm2e.sty
Package: algorithm2e 2017/07/18 v5.2 algorithms environments
\c@AlgoLine=\count370
\algocf@hangindent=\skip81

(/usr/local/texlive/2024/texmf-dist/tex/latex/ifoddpage/ifoddpage.sty
Package: ifoddpage 2022/10/18 v1.2 Conditionals for odd/even page detection
\c@checkoddpage=\count371
)
(/usr/local/texlive/2024/texmf-dist/tex/latex/tools/xspace.sty
Package: xspace 2014/10/28 v1.13 Space after command names (DPC,MH)
)
(/usr/local/texlive/2024/texmf-dist/tex/latex/relsize/relsize.sty
Package: relsize 2013/03/29 ver 4.1
)
\skiptotal=\skip82
\skiplinenumber=\skip83
\skiprule=\skip84
\skiphlne=\skip85
\skiptext=\skip86
\skiplength=\skip87
\algomargin=\skip88
\skipalgocfslide=\skip89
\algowidth=\dimen309
\inoutsize=\dimen310
\inoutindent=\dimen311
\interspacetitleruled=\dimen312
\interspacealgoruled=\dimen313
\interspacetitleboxruled=\dimen314
\algocf@ruledwidth=\skip90
\algocf@inoutbox=\box95
\algocf@inputbox=\box96
\AlCapSkip=\skip91
\AlCapHSkip=\skip92
\algoskipindent=\skip93
\algocf@nlbox=\box97
\algocf@hangingbox=\box98
\algocf@untilbox=\box99
\algocf@skipuntil=\skip94
\algocf@capbox=\box100
\algocf@lcaptionbox=\skip95
\algoheightruledefault=\skip96
\algoheightrule=\skip97
\algotitleheightruledefault=\skip98
\algotitleheightrule=\skip99
\c@algocfline=\count372
\c@algocfproc=\count373
\c@algocf=\count374
\algocf@algoframe=\box101
\algocf@algobox=\box102
)
(/usr/local/texlive/2024/texmf-dist/tex/latex/pdflscape/pdflscape.sty
Package: pdflscape 2022-10-27 v0.13 Display of landscape pages in PDF

(/usr/local/texlive/2024/texmf-dist/tex/latex/pdflscape/pdflscape-nometadata.st
y
Package: pdflscape-nometadata 2022-10-28 v0.13 Display of landscape pages in PD
F (HO)
 (/usr/local/texlive/2024/texmf-dist/tex/latex/graphics/lscape.sty
Package: lscape 2020/05/28 v3.02 Landscape Pages (DPC)
)
Package pdflscape Info: Auto-detected driver: pdftex on input line 81.
))
\c@corollary=\count375
\c@cor=\count376
\c@lem=\count377
\c@thm=\count378
\c@defn=\count379
\c@prop=\count380
\c@remark=\count381
Package hyperref Info: Option `colorlinks' set `true' on input line 125.
\c@counterforappendices=\count382
Package csquotes Info: Checking for multilingual support...
Package csquotes Info: ... found 'babel' package.
Package csquotes Info: Adjusting default style.
Package csquotes Info: Redefining alias 'default' -> 'english'.

(./thesis.aux)
\openout1 = `thesis.aux'.

LaTeX Font Info:    Checking defaults for OML/cmm/m/it on input line 147.
LaTeX Font Info:    ... okay on input line 147.
LaTeX Font Info:    Checking defaults for OMS/cmsy/m/n on input line 147.
LaTeX Font Info:    ... okay on input line 147.
LaTeX Font Info:    Checking defaults for OT1/cmr/m/n on input line 147.
LaTeX Font Info:    ... okay on input line 147.
LaTeX Font Info:    Checking defaults for T1/cmr/m/n on input line 147.
LaTeX Font Info:    ... okay on input line 147.
LaTeX Font Info:    Checking defaults for TS1/cmr/m/n on input line 147.
LaTeX Font Info:    ... okay on input line 147.
LaTeX Font Info:    Checking defaults for OMX/cmex/m/n on input line 147.
LaTeX Font Info:    ... okay on input line 147.
LaTeX Font Info:    Checking defaults for U/cmr/m/n on input line 147.
LaTeX Font Info:    ... okay on input line 147.
LaTeX Font Info:    Checking defaults for PD1/pdf/m/n on input line 147.
LaTeX Font Info:    ... okay on input line 147.
LaTeX Font Info:    Checking defaults for PU/pdf/m/n on input line 147.
LaTeX Font Info:    ... okay on input line 147.

*geometry* driver: auto-detecting
*geometry* detected driver: pdftex
*geometry* verbose mode - [ preamble ] result:
* driver: pdftex
* paper: letterpaper
* layout: <same size as paper>
* layoutoffset:(h,v)=(0.0pt,0.0pt)
* modes: 
* h-part:(L,W,R)=(57.81621pt, 498.66258pt, 57.81621pt)
* v-part:(T,H,B)=(57.81621pt, 679.33757pt, 57.81621pt)
* \paperwidth=614.295pt
* \paperheight=794.96999pt
* \textwidth=498.66258pt
* \textheight=679.33757pt
* \oddsidemargin=-14.45378pt
* \evensidemargin=-14.45378pt
* \topmargin=-44.52127pt
* \headheight=12.0pt
* \headsep=18.06749pt
* \topskip=10.0pt
* \footskip=25.29494pt
* \marginparwidth=69.0pt
* \marginparsep=7.0pt
* \columnsep=10.0pt
* \skip\footins=9.0pt plus 4.0pt minus 2.0pt
* \hoffset=0.0pt
* \voffset=0.0pt
* \mag=1000
* \@twocolumnfalse
* \@twosidefalse
* \@mparswitchfalse
* \@reversemarginfalse
* (1in=72.27pt=25.4mm, 1cm=28.453pt)

LaTeX Info: Redefining \microtypecontext on input line 147.
Package microtype Info: Applying patch `item' on input line 147.
Package microtype Info: Applying patch `toc' on input line 147.
Package microtype Info: Applying patch `eqnum' on input line 147.
Package microtype Info: Applying patch `footnote' on input line 147.
Package microtype Info: Applying patch `verbatim' on input line 147.
Package microtype Info: Generating PDF output.
Package microtype Info: Character protrusion enabled (level 2).
Package microtype Info: Using default protrusion set `alltext'.
Package microtype Info: Automatic font expansion enabled (level 2),
(microtype)             stretch: 20, shrink: 20, step: 1, non-selected.
Package microtype Info: Using default expansion set `alltext-nott'.
LaTeX Info: Redefining \showhyphens on input line 147.
Package microtype Info: No adjustment of tracking.
Package microtype Info: No adjustment of interword spacing.
Package microtype Info: No adjustment of character kerning.
(/usr/local/texlive/2024/texmf-dist/tex/latex/microtype/mt-cmr.cfg
File: mt-cmr.cfg 2013/05/19 v2.2 microtype config. file: Computer Modern Roman 
(RS)
)
Package hyperref Info: Link coloring ON on input line 147.

(./thesis.out) (./thesis.out
pdfTeX warning (Object streams): \pdfobjcompresslevel > 0 requires PDF-1.5 or g
reater. Object streams disabled now.
)
\@outlinefile=\write6
\openout6 = `thesis.out'.

 (/usr/local/texlive/2024/texmf-dist/tex/context/base/mkii/supp-pdf.mkii
[Loading MPS to PDF converter (version 2006.09.02).]
\scratchcounter=\count383
\scratchdimen=\dimen315
\scratchbox=\box103
\nofMPsegments=\count384
\nofMParguments=\count385
\everyMPshowfont=\toks70
\MPscratchCnt=\count386
\MPscratchDim=\dimen316
\MPnumerator=\count387
\makeMPintoPDFobject=\count388
\everyMPtoPDFconversion=\toks71
) (/usr/local/texlive/2024/texmf-dist/tex/latex/epstopdf-pkg/epstopdf-base.sty
Package: epstopdf-base 2020-01-24 v2.11 Base part for package epstopdf
Package epstopdf-base Info: Redefining graphics rule for `.eps' on input line 4
85.

(/usr/local/texlive/2024/texmf-dist/tex/latex/latexconfig/epstopdf-sys.cfg
File: epstopdf-sys.cfg 2010/07/13 v1.3 Configuration of (r)epstopdf for TeX Liv
e
))
Package caption Info: Begin \AtBeginDocument code.
Package caption Info: float package is loaded.
Package caption Info: End \AtBeginDocument code.

[1

{/usr/local/texlive/2024/texmf-var/fonts/map/pdftex/updmap/pdftex.map}{/usr/loc
al/texlive/2024/texmf-dist/fonts/enc/dvips/cm-super/cm-super-ts1.enc}]
\thesis@dim=\dimen317
\ct@dim=\dimen318
\cn@dim=\dimen319

! Undefined control sequence.
\HyOrg@maketitle ...5in{{\lc@selectfont \@Uauthor 
                                                  }\\[12pt] \vfil }\vbox to ...
l.159 \maketitle
                
? 

! LaTeX Error: There's no line here to end.

See the LaTeX manual or LaTeX Companion for explanation.
Type  H <return>  for immediate help.
 ...                                              
                                                  
l.159 \maketitle
                
? 

Underfull \vbox (badness 10000) detected at line 159
 []


Underfull \vbox (badness 10000) detected at line 159
 []

[2]
pdfTeX warning (ext4): destination with the same identifier (name{page.ii}) has
 been already used, duplicate ignored
<to be read again> 
                   \relax 
l.176     \tableofcontents
                           [2


] (./thesis.toc
LaTeX Font Info:    Trying to load font information for U+msa on input line 5.

(/usr/local/texlive/2024/texmf-dist/tex/latex/amsfonts/umsa.fd
File: umsa.fd 2013/01/14 v3.01 AMS symbols A
)
(/usr/local/texlive/2024/texmf-dist/tex/latex/microtype/mt-msa.cfg
File: mt-msa.cfg 2006/02/04 v1.1 microtype config. file: AMS symbols (a) (RS)
)
LaTeX Font Info:    Trying to load font information for U+msb on input line 5.

(/usr/local/texlive/2024/texmf-dist/tex/latex/amsfonts/umsb.fd
File: umsb.fd 2013/01/14 v3.01 AMS symbols B
)
(/usr/local/texlive/2024/texmf-dist/tex/latex/microtype/mt-msb.cfg
File: mt-msb.cfg 2005/06/01 v1.0 microtype config. file: AMS symbols (b) (RS)
) [3

])
\tf@toc=\write7
\openout7 = `thesis.toc'.


[4] [5

]
Chapter 1.
[1


]
Chapter 2.

Package natbib Warning: Citation `Kenton' on page 2 undefined on input line 206
.


Package natbib Warning: Citation `dominguez2006defines' on page 2 undefined on 
input line 208.


Package natbib Warning: Citation `tsay2005analysis' on page 2 undefined on inpu
t line 210.


Package natbib Warning: Citation `boudoukh2019information' on page 2 undefined 
on input line 210.


Package natbib Warning: Citation `bauwens2006regime' on page 2 undefined on inp
ut line 212.


Package natbib Warning: Citation `hansen2012realized' on page 2 undefined on in
put line 212.


Package natbib Warning: Citation `wang2020forecasting' on page 2 undefined on i
nput line 212.

[2

]

Package natbib Warning: Citation `hansen2012realized' on page 3 undefined on in
put line 214.


Package natbib Warning: Citation `mayhew1995implied' on page 3 undefined on inp
ut line 214.


Package natbib Warning: Citation `christensen1998relation' on page 3 undefined 
on input line 214.


Package natbib Warning: Citation `andersen2003modeling' on page 3 undefined on 
input line 214.


Package natbib Warning: Citation `romer1989does' on page 3 undefined on input l
ine 220.


Package natbib Warning: Citation `kilian2017structural' on page 3 undefined on 
input line 220.


Package natbib Warning: Citation `engle2001good' on page 3 undefined on input l
ine 220.


Package natbib Warning: Citation `phillips1996forecasting' on page 3 undefined 
on input line 220.


Package natbib Warning: Citation `hendry1994theory' on page 3 undefined on inpu
t line 220.


Package natbib Warning: Citation `clements1998forecasting' on page 3 undefined 
on input line 220.


Package natbib Warning: Citation `guerron2017macroeconomic' on page 3 undefined
 on input line 220.


Package natbib Warning: Citation `dendramis2020similarity' on page 3 undefined 
on input line 220.


Package natbib Warning: Citation `foroni2022forecasting' on page 3 undefined on
 input line 220.


Package natbib Warning: Citation `abadie2010synthetic' on page 3 undefined on i
nput line 224.


Package natbib Warning: Citation `lin2021minimizing' on page 3 undefined on inp
ut line 224.


Package natbib Warning: Citation `lin2021minimizing' on page 3 undefined on inp
ut line 224.

[3]

Package natbib Warning: Citation `steegen2016increasing' on page 4 undefined on
 input line 226.

<simulation_plots/motivating_piece_convex_combination.png, id=433, 1226.5825pt 
x 985.6825pt>
File: simulation_plots/motivating_piece_convex_combination.png Graphic file (ty
pe png)
<use simulation_plots/motivating_piece_convex_combination.png>
Package pdftex.def Info: simulation_plots/motivating_piece_convex_combination.p
ng  used on input line 236.
(pdftex.def)             Requested size: 498.66258pt x 400.71829pt.

LaTeX Warning: `!h' float specifier changed to `!ht'.


Package natbib Warning: Citation `box2013box' on page 4 undefined on input line
 249.


Package natbib Warning: Citation `engle1982autoregressive' on page 4 undefined 
on input line 249.


Package natbib Warning: Citation `bollerslev1986generalized' on page 4 undefine
d on input line 249.


Package natbib Warning: Citation `francq2019garch' on page 4 undefined on input
 line 251.

[4] [5 <./simulation_plots/motivating_piece_convex_combination.png>]

Package natbib Warning: Citation `lin2021minimizing' on page 6 undefined on inp
ut line 295.

[6] [7]

Package natbib Warning: Citation `tsay2005analysis' on page 8 undefined on inpu
t line 319.


Package natbib Warning: Citation `francq2019garch' on page 8 undefined on input
 line 319.


Package natbib Warning: Citation `zivot2009practical' on page 8 undefined on in
put line 319.


Package natbib Warning: Citation `abadie2003economic' on page 8 undefined on in
put line 332.


Package natbib Warning: Citation `abadie2010synthetic' on page 8 undefined on i
nput line 332.


Package natbib Warning: Citation `lin2021minimizing' on page 8 undefined on inp
ut line 332.


Package natbib Warning: Citation `timmermann2006forecast' on page 8 undefined o
n input line 336.


Package natbib Warning: Citation `wang2023forecast' on page 8 undefined on inpu
t line 336.


Package natbib Warning: Citation `abadie2010synthetic' on page 8 undefined on i
nput line 338.


Package natbib Warning: Citation `wang2023forecast' on page 8 undefined on inpu
t line 338.

[8]

Package natbib Warning: Citation `lin2021minimizing' on page 9 undefined on inp
ut line 340.


Package natbib Warning: Citation `abadie2022synthetic' on page 9 undefined on i
nput line 340.


Package natbib Warning: Citation `andersen2010stochastic' on page 9 undefined o
n input line 366.


Package natbib Warning: Citation `andersen2007roughing' on page 9 undefined on 
input line 366.


Package natbib Warning: Citation `de2006forecasting' on page 9 undefined on inp
ut line 366.


Package natbib Warning: Citation `andersen2008realized' on page 9 undefined on 
input line 368.

[9]

Package natbib Warning: Citation `brownlees2011practical' on page 10 undefined 
on input line 388.


Package natbib Warning: Citation `brownlees2011practical' on page 10 undefined 
on input line 393.

[10]

Package natbib Warning: Citation `zivot2009practical' on page 11 undefined on i
nput line 408.

[11]

Package natbib Warning: Citation `han2014asymptotic' on page 12 undefined on in
put line 444.

[12]

Package natbib Warning: Citation `RePEc:pra:mprapa:100301' on page 13 undefined
 on input line 492.

[13]
<simulation_plots/Aug28_224311_2024_mu[delta]_sigma[u].png, id=527, 578.16pt x 
433.62pt>
File: simulation_plots/Aug28_224311_2024_mu[delta]_sigma[u].png Graphic file (t
ype png)
<use simulation_plots/Aug28_224311_2024_mu[delta]_sigma[u].png>
Package pdftex.def Info: simulation_plots/Aug28_224311_2024_mu[delta]_sigma[u].
png  used on input line 514.
(pdftex.def)             Requested size: 242.82555pt x 182.11916pt.

Overfull \hbox (23.4128pt too wide) in paragraph at lines 514--515
 [][] 
 []

<simulation_plots/Aug28_224317_2024_mu[delta]_sigma[u].png, id=528, 578.16pt x 
433.62pt>
File: simulation_plots/Aug28_224317_2024_mu[delta]_sigma[u].png Graphic file (t
ype png)
<use simulation_plots/Aug28_224317_2024_mu[delta]_sigma[u].png>
Package pdftex.def Info: simulation_plots/Aug28_224317_2024_mu[delta]_sigma[u].
png  used on input line 519.
(pdftex.def)             Requested size: 242.82555pt x 182.11916pt.

Overfull \hbox (23.4128pt too wide) in paragraph at lines 519--520
 [][] 
 []

<simulation_plots/Aug28_224322_2024_mu[delta]_sigma[u].png, id=529, 578.16pt x 
433.62pt>
File: simulation_plots/Aug28_224322_2024_mu[delta]_sigma[u].png Graphic file (t
ype png)
<use simulation_plots/Aug28_224322_2024_mu[delta]_sigma[u].png>
Package pdftex.def Info: simulation_plots/Aug28_224322_2024_mu[delta]_sigma[u].
png  used on input line 525.
(pdftex.def)             Requested size: 242.82555pt x 182.11916pt.

Overfull \hbox (23.4128pt too wide) in paragraph at lines 525--526
 [][] 
 []


LaTeX Warning: `!h' float specifier changed to `!ht'.

<simulation_plots/Aug28_224330_2024_mu[delta]_mu[v].png, id=536, 578.16pt x 433
.62pt>
File: simulation_plots/Aug28_224330_2024_mu[delta]_mu[v].png Graphic file (type
 png)
<use simulation_plots/Aug28_224330_2024_mu[delta]_mu[v].png>
Package pdftex.def Info: simulation_plots/Aug28_224330_2024_mu[delta]_mu[v].png
  used on input line 538.
(pdftex.def)             Requested size: 242.82555pt x 182.11916pt.

Overfull \hbox (23.4128pt too wide) in paragraph at lines 538--539
 [][] 
 []

<simulation_plots/Aug28_224337_2024_mu[delta]_mu[v].png, id=537, 578.16pt x 433
.62pt>
File: simulation_plots/Aug28_224337_2024_mu[delta]_mu[v].png Graphic file (type
 png)
<use simulation_plots/Aug28_224337_2024_mu[delta]_mu[v].png>
Package pdftex.def Info: simulation_plots/Aug28_224337_2024_mu[delta]_mu[v].png
  used on input line 543.
(pdftex.def)             Requested size: 242.82555pt x 182.11916pt.

Overfull \hbox (23.4128pt too wide) in paragraph at lines 543--544
 [][] 
 []


LaTeX Warning: `!h' float specifier changed to `!ht'.

<simulation_plots/Aug28_224451_2024_mu[omega^*]_sigma[u].png, id=538, 578.16pt 
x 433.62pt>
File: simulation_plots/Aug28_224451_2024_mu[omega^*]_sigma[u].png Graphic file 
(type png)
<use simulation_plots/Aug28_224451_2024_mu[omega^*]_sigma[u].png>
Package pdftex.def Info: simulation_plots/Aug28_224451_2024_mu[omega^*]_sigma[u
].png  used on input line 556.
(pdftex.def)             Requested size: 242.82555pt x 182.11916pt.

Overfull \hbox (23.4128pt too wide) in paragraph at lines 556--557
 [][] 
 []

<simulation_plots/Aug28_224455_2024_mu[omega^*]_sigma[u].png, id=539, 578.16pt 
x 433.62pt>
File: simulation_plots/Aug28_224455_2024_mu[omega^*]_sigma[u].png Graphic file 
(type png)
<use simulation_plots/Aug28_224455_2024_mu[omega^*]_sigma[u].png>
Package pdftex.def Info: simulation_plots/Aug28_224455_2024_mu[omega^*]_sigma[u
].png  used on input line 561.
(pdftex.def)             Requested size: 242.82555pt x 182.11916pt.

Overfull \hbox (23.4128pt too wide) in paragraph at lines 561--562
 [][] 
 []


LaTeX Warning: `!h' float specifier changed to `!ht'.

[14] [15 <./simulation_plots/Aug28_224311_2024_mu[delta]_sigma[u].png> <./simul
ation_plots/Aug28_224317_2024_mu[delta]_sigma[u].png> <./simulation_plots/Aug28
_224322_2024_mu[delta]_sigma[u].png>] [16 <./simulation_plots/Aug28_224330_2024
_mu[delta]_mu[v].png> <./simulation_plots/Aug28_224337_2024_mu[delta]_mu[v].png
> <./simulation_plots/Aug28_224451_2024_mu[omega^*]_sigma[u].png> <./simulation
_plots/Aug28_224455_2024_mu[omega^*]_sigma[u].png>]

Package natbib Warning: Citation `zivot2009practical' on page 17 undefined on i
nput line 573.


Package natbib Warning: Citation `hansen2005forecast' on page 17 undefined on i
nput line 585.


Package natbib Warning: Citation `The_Guardian' on page 17 undefined on input l
ine 589.


Package natbib Warning: Citation `Morales_Valentini_Penny_2016' on page 17 unde
fined on input line 589.


Package natbib Warning: Citation `BBC_News_2016' on page 17 undefined on input 
line 589.


Package natbib Warning: Citation `wilson2017brexit' on page 17 undefined on inp
ut line 589.


Package natbib Warning: Citation `kay2016brexit' on page 17 undefined on input 
line 589.


Package natbib Warning: Citation `collins2016trump' on page 17 undefined on inp
ut line 589.


Package natbib Warning: Citation `applebaum2016britain' on page 17 undefined on
 input line 590.


Package natbib Warning: Citation `martin2016brexit' on page 17 undefined on inp
ut line 590.


Package natbib Warning: Citation `barro2016three' on page 17 undefined on input
 line 590.

[17

]

Package natbib Warning: Citation `andersen2008realized' on page 18 undefined on
 input line 591.


Package natbib Warning: Citation `ryan2015package' on page 18 undefined on inpu
t line 592.


Package natbib Warning: Citation `wachowicz2020wharton' on page 18 undefined on
 input line 592.


Package natbib Warning: Citation `steegen2016increasing' on page 18 undefined o
n input line 598.

<real_data_output_plots/TueSep241059512024_IYG_None_None.png, id=573, 803.0pt x
 602.25pt>
File: real_data_output_plots/TueSep241059512024_IYG_None_None.png Graphic file 
(type png)
<use real_data_output_plots/TueSep241059512024_IYG_None_None.png>
Package pdftex.def Info: real_data_output_plots/TueSep241059512024_IYG_None_Non
e.png  used on input line 604.
(pdftex.def)             Requested size: 481.80373pt x 361.35278pt.
[18]
Package microtype Info: Loading generic protrusion settings for font family
(microtype)             `cmtt' (encoding: OT1).
(microtype)             For optimal results, create family-specific settings.
(microtype)             See the microtype manual for details.


Package natbib Warning: Citation `lin2021minimizing' on page 19 undefined on in
put line 692.


Package natbib Warning: Citation `lin2021minimizing' on page 19 undefined on in
put line 692.


Package natbib Warning: Citation `lin2021minimizing' on page 19 undefined on in
put line 694.


Package natbib Warning: Citation `phillips1996forecasting' on page 19 undefined
 on input line 694.


Package natbib Warning: Citation `phillips1996forecasting' on page 19 undefined
 on input line 694.

[19 <./real_data_output_plots/TueSep241059512024_IYG_None_None.png>]

Package natbib Warning: Citation `clements1996intercept' on page 20 undefined o
n input line 702.


Package natbib Warning: Citation `guerron2017macroeconomic' on page 20 undefine
d on input line 702.


Package natbib Warning: Citation `hastie2009elements' on page 20 undefined on i
nput line 702.


Package natbib Warning: Citation `abadie2010synthetic' on page 20 undefined on 
input line 702.


Package natbib Warning: Citation `hastie2009elements' on page 20 undefined on i
nput line 704.


Package natbib Warning: Citation `lin2021minimizing' on page 20 undefined on in
put line 706.


Package natbib Warning: Citation `lin2021minimizing' on page 20 undefined on in
put line 706.


Package natbib Warning: Citation `abadie2022synthetic' on page 20 undefined on 
input line 710.

[20]

Package natbib Warning: Citation `boudoukh2019information' on page 21 undefined
 on input line 717.


Package natbib Warning: Citation `chinco2019sparse' on page 21 undefined on inp
ut line 717.


Package natbib Warning: Citation `corsi2012har' on page 21 undefined on input l
ine 719.


Package natbib Warning: Citation `rossi2013advances' on page 21 undefined on in
put line 723.


Package natbib Warning: Citation `rossi2021forecasting' on page 21 undefined on
 input line 723.


Package natbib Warning: Citation `dendramis2020similarity' on page 21 undefined
 on input line 723.


Package natbib Warning: Citation `abadie2010synthetic' on page 21 undefined on 
input line 735.

[21]
Underfull \hbox (badness 10000) in paragraph at lines 810--813

 []

[22]
Underfull \hbox (badness 10000) in paragraph at lines 814--817

 []


Package natbib Warning: Citation `han2014asymptotic' on page 23 undefined on in
put line 819.


Underfull \hbox (badness 10000) in paragraph at lines 828--830

 []

[23]
Underfull \hbox (badness 10000) in paragraph at lines 843--846

 []


Underfull \hbox (badness 10000) in paragraph at lines 847--850

 []

[24] [25]
Chapter 3.

Package natbib Warning: Citation `thoughts_on_market' on page 26 undefined on i
nput line 855.


Package natbib Warning: Citation `lundquist2024volatility' on page 26 undefined
 on input line 859.

[26

]

Package natbib Warning: Citation `hendry1994theory' on page 27 undefined on inp
ut line 863.


Package natbib Warning: Citation `clements1996intercept' on page 27 undefined o
n input line 863.


Package natbib Warning: Citation `clements1998forecasting' on page 27 undefined
 on input line 863.


Package natbib Warning: Citation `clements1999forecasting' on page 27 undefined
 on input line 863.


Package natbib Warning: Citation `hendry1994theory' on page 27 undefined on inp
ut line 863.


Package natbib Warning: Citation `clements1999forecasting' on page 27 undefined
 on input line 865.


Package natbib Warning: Citation `hendry1994theory' on page 27 undefined on inp
ut line 865.


Package natbib Warning: Citation `clements1999forecasting' on page 27 undefined
 on input line 865.


Package natbib Warning: Citation `guerron2017macroeconomic' on page 27 undefine
d on input line 865.


Package natbib Warning: Citation `lundquist2024volatility' on page 27 undefined
 on input line 865.


Package natbib Warning: Citation `castle2016overview' on page 27 undefined on i
nput line 867.


Package natbib Warning: Citation `lin2021minimizing' on page 27 undefined on in
put line 874.


Package natbib Warning: Citation `lundquist2024volatility' on page 27 undefined
 on input line 874.


Package natbib Warning: Citation `castle2011forecasting' on page 27 undefined o
n input line 879.


Package natbib Warning: Citation `lundquist2024volatility' on page 27 undefined
 on input line 879.


Package natbib Warning: Citation `lin2021minimizing' on page 27 undefined on in
put line 879.


Package natbib Warning: Citation `lundquist2024volatility' on page 27 undefined
 on input line 879.

[27]

Package natbib Warning: Citation `clements1998forecasting' on page 28 undefined
 on input line 1078.

Missing character: There is no ] in font nullfont!
Missing character: There is no ] in font nullfont!

Package natbib Warning: Citation `hendry1994theory' on page 28 undefined on inp
ut line 1087.


Package natbib Warning: Citation `clements2005guest' on page 28 undefined on in
put line 1089.


Package natbib Warning: Citation `castle2011forecasting' on page 28 undefined o
n input line 1089.

[28]

Package natbib Warning: Citation `clements2005guest' on page 29 undefined on in
put line 1095.


Package natbib Warning: Citation `castle2013forecasting' on page 29 undefined o
n input line 1095.


Package natbib Warning: Citation `castle2011forecasting' on page 29 undefined o
n input line 1095.


Overfull \hbox (2.96057pt too wide) in paragraph at lines 1106--1106
[]|\OT1/cmr/m/n/10 (-20) internal| 
 []


Overfull \hbox (4.59947pt too wide) in paragraph at lines 1108--1108
[]|\OT1/cmr/m/n/10 (-20) external| 
 []


Package natbib Warning: Citation `bartha2013analogy' on page 29 undefined on in
put line 1114.

[29]

Package natbib Warning: Citation `garg2015asymmetric' on page 30 undefined on i
nput line 1120.


Package natbib Warning: Citation `bishop2023deep' on page 30 undefined on input
 line 1120.


Package natbib Warning: Citation `lin2021minimizing' on page 30 undefined on in
put line 1122.


Package natbib Warning: Citation `lundquist2024volatility' on page 30 undefined
 on input line 1122.


Package natbib Warning: Citation `lin2021minimizing' on page 30 undefined on in
put line 1124.


Package natbib Warning: Citation `lundquist2024volatility' on page 30 undefined
 on input line 1124.

File: simulation_plots/motivating_piece_convex_combination.png Graphic file (ty
pe png)
<use simulation_plots/motivating_piece_convex_combination.png>
Package pdftex.def Info: simulation_plots/motivating_piece_convex_combination.p
ng  used on input line 1131.
(pdftex.def)             Requested size: 498.66258pt x 400.71829pt.

LaTeX Warning: `!h' float specifier changed to `!ht'.

[30] [31]

Package natbib Warning: Citation `lin2021minimizing' on page 32 undefined on in
put line 1190.


Package natbib Warning: Citation `foroni2022forecasting' on page 32 undefined o
n input line 1195.


Package natbib Warning: Citation `croushore1993introducing' on page 32 undefine
d on input line 1195.

[32]

Package natbib Warning: Citation `lin2021minimizing' on page 33 undefined on in
put line 1203.


Package natbib Warning: Citation `abadie2010synthetic' on page 33 undefined on 
input line 1203.


Package natbib Warning: Citation `lin2021minimizing' on page 33 undefined on in
put line 1215.


Package natbib Warning: Citation `lundquist2024volatility' on page 33 undefined
 on input line 1215.

[33]

Package natbib Warning: Citation `lin2021minimizing' on page 34 undefined on in
put line 1219.


Package natbib Warning: Citation `lundquist2024volatility' on page 34 undefined
 on input line 1219.


Package natbib Warning: Citation `lin2021minimizing' on page 34 undefined on in
put line 1229.


Package natbib Warning: Citation `lin2021minimizing' on page 34 undefined on in
put line 1231.

[34]

Package natbib Warning: Citation `lin2021minimizing' on page 35 undefined on in
put line 1249.

[35]

Package natbib Warning: Citation `lundquist2024volatility' on page 36 undefined
 on input line 1271.

Missing character: There is no ; in font nullfont!
[36]

Package natbib Warning: Citation `lin2021minimizing' on page 37 undefined on in
put line 1334.


Package natbib Warning: Citation `lundquist2024volatility' on page 37 undefined
 on input line 1334.


Package natbib Warning: Citation `francq2019garch' on page 37 undefined on inpu
t line 1334.


Package natbib Warning: Citation `lundquist2024volatility' on page 37 undefined
 on input line 1336.

[37]

Package natbib Warning: Citation `corsi2009simple' on page 38 undefined on inpu
t line 1369.


Package natbib Warning: Citation `bodilsen2023exploiting' on page 38 undefined 
on input line 1374.

[38]

Package natbib Warning: Citation `bodilsen2023exploiting' on page 39 undefined 
on input line 1396.


Package natbib Warning: Citation `bodilsen2023exploiting' on page 39 undefined 
on input line 1399.


Package natbib Warning: Citation `bodilsen2023exploiting' on page 39 undefined 
on input line 1403.


Package natbib Warning: Citation `GFC' on page 39 undefined on input line 1411.



Package natbib Warning: Citation `fedfunds' on page 39 undefined on input line 
1411.


Package natbib Warning: Citation `corsi2009simple' on page 39 undefined on inpu
t line 1414.

[39]

Package natbib Warning: Citation `andersen2008realized' on page 40 undefined on
 input line 1428.


Package natbib Warning: Citation `ryan2015package' on page 40 undefined on inpu
t line 1429.


Package natbib Warning: Citation `highfrequency' on page 40 undefined on input 
line 1429.


Package natbib Warning: Citation `boysel2021package' on page 40 undefined on in
put line 1429.

<real_data_output_plots/savetime_SatJun151644072024__^VIX-^IRX-^XAU_^VIX_2018-1
2-18-2015-12-15-2016-12-13-2017-03-14-2017-06-13-2017-12-12-2018-03-20-2018-06-
12-2018-09-25.png, id=762, 803.0pt x 602.25pt>
File: real_data_output_plots/savetime_SatJun151644072024__^VIX-^IRX-^XAU_^VIX_2
018-12-18-2015-12-15-2016-12-13-2017-03-14-2017-06-13-2017-12-12-2018-03-20-201
8-06-12-2018-09-25.png Graphic file (type png)
<use real_data_output_plots/savetime_SatJun151644072024__^VIX-^IRX-^XAU_^VIX_20
18-12-18-2015-12-15-2016-12-13-2017-03-14-2017-06-13-2017-12-12-2018-03-20-2018
-06-12-2018-09-25.png>
Package pdftex.def Info: real_data_output_plots/savetime_SatJun151644072024__^V
IX-^IRX-^XAU_^VIX_2018-12-18-2015-12-15-2016-12-13-2017-03-14-2017-06-13-2017-1
2-12-2018-03-20-2018-06-12-2018-09-25.png  used on input line 1436.
(pdftex.def)             Requested size: 497.85486pt x 373.39113pt.

LaTeX Warning: `!h' float specifier changed to `!ht'.


Package natbib Warning: Citation `castle2011forecasting' on page 40 undefined o
n input line 1464.

[40]

Package natbib Warning: Citation `castle2011forecasting' on page 41 undefined o
n input line 1477.


Underfull \hbox (badness 10000) in paragraph at lines 1479--1480

 []

[41 <./real_data_output_plots/savetime_SatJun151644072024__^VIX-^IRX-^XAU_^VIX_
2018-12-18-2015-12-15-2016-12-13-2017-03-14-2017-06-13-2017-12-12-2018-03-20-20
18-06-12-2018-09-25.png>]
<exponential_sim_plot.png, id=780, 1767.60374pt x 1242.6425pt>
File: exponential_sim_plot.png Graphic file (type png)
<use exponential_sim_plot.png>
Package pdftex.def Info: exponential_sim_plot.png  used on input line 1494.
(pdftex.def)             Requested size: 498.66258pt x 350.55417pt.
<simulation_plots/Nov27_160341_2024_mudelta_sigmax.png, id=781, 578.16pt x 433.
62pt>
File: simulation_plots/Nov27_160341_2024_mudelta_sigmax.png Graphic file (type 
png)
<use simulation_plots/Nov27_160341_2024_mudelta_sigmax.png>
Package pdftex.def Info: simulation_plots/Nov27_160341_2024_mudelta_sigmax.png 
 used on input line 1510.
(pdftex.def)             Requested size: 242.82555pt x 182.11916pt.

Overfull \hbox (23.4128pt too wide) in paragraph at lines 1510--1511
 [][] 
 []

<simulation_plots/Nov27_160342_2024_mudelta_sigmax.png, id=782, 578.16pt x 433.
62pt>
File: simulation_plots/Nov27_160342_2024_mudelta_sigmax.png Graphic file (type 
png)
<use simulation_plots/Nov27_160342_2024_mudelta_sigmax.png>
Package pdftex.def Info: simulation_plots/Nov27_160342_2024_mudelta_sigmax.png 
 used on input line 1515.
(pdftex.def)             Requested size: 242.82555pt x 182.11916pt.

Overfull \hbox (23.4128pt too wide) in paragraph at lines 1515--1516
 [][] 
 []

<simulation_plots/Nov27_160343_2024_mudelta_sigmax.png, id=783, 578.16pt x 433.
62pt>
File: simulation_plots/Nov27_160343_2024_mudelta_sigmax.png Graphic file (type 
png)
<use simulation_plots/Nov27_160343_2024_mudelta_sigmax.png>
Package pdftex.def Info: simulation_plots/Nov27_160343_2024_mudelta_sigmax.png 
 used on input line 1521.
(pdftex.def)             Requested size: 242.82555pt x 182.11916pt.

Overfull \hbox (23.4128pt too wide) in paragraph at lines 1521--1522
 [][] 
 []


LaTeX Warning: `!h' float specifier changed to `!ht'.

<simulation_plots/Nov27_160344_2024_sigmax_sigmaepsilon.png, id=790, 578.16pt x
 433.62pt>
File: simulation_plots/Nov27_160344_2024_sigmax_sigmaepsilon.png Graphic file (
type png)
<use simulation_plots/Nov27_160344_2024_sigmax_sigmaepsilon.png>
Package pdftex.def Info: simulation_plots/Nov27_160344_2024_sigmax_sigmaepsilon
.png  used on input line 1534.
(pdftex.def)             Requested size: 242.82555pt x 182.11916pt.

Overfull \hbox (23.4128pt too wide) in paragraph at lines 1534--1535
 [][] 
 []

<simulation_plots/Nov27_160345_2024_sigmax_sigmaepsilon.png, id=791, 578.16pt x
 433.62pt>
File: simulation_plots/Nov27_160345_2024_sigmax_sigmaepsilon.png Graphic file (
type png)
<use simulation_plots/Nov27_160345_2024_sigmax_sigmaepsilon.png>
Package pdftex.def Info: simulation_plots/Nov27_160345_2024_sigmax_sigmaepsilon
.png  used on input line 1539.
(pdftex.def)             Requested size: 242.82555pt x 182.11916pt.

Overfull \hbox (23.4128pt too wide) in paragraph at lines 1539--1540
 [][] 
 []

<simulation_plots/Nov27_160346_2024_sigmax_sigmaepsilon.png, id=792, 578.16pt x
 433.62pt>
File: simulation_plots/Nov27_160346_2024_sigmax_sigmaepsilon.png Graphic file (
type png)
<use simulation_plots/Nov27_160346_2024_sigmax_sigmaepsilon.png>
Package pdftex.def Info: simulation_plots/Nov27_160346_2024_sigmax_sigmaepsilon
.png  used on input line 1545.
(pdftex.def)             Requested size: 242.82555pt x 182.11916pt.

Overfull \hbox (23.4128pt too wide) in paragraph at lines 1545--1546
 [][] 
 []


LaTeX Warning: `!h' float specifier changed to `!ht'.

<simulation_plots/Nov27_160346_2024_mudelta_sigmaepsilon.png, id=799, 578.16pt 
x 433.62pt>
File: simulation_plots/Nov27_160346_2024_mudelta_sigmaepsilon.png Graphic file 
(type png)
<use simulation_plots/Nov27_160346_2024_mudelta_sigmaepsilon.png>
Package pdftex.def Info: simulation_plots/Nov27_160346_2024_mudelta_sigmaepsilo
n.png  used on input line 1558.
(pdftex.def)             Requested size: 242.82555pt x 182.11916pt.

Overfull \hbox (23.4128pt too wide) in paragraph at lines 1558--1559
 [][] 
 []

<simulation_plots/Nov27_160347_2024_mudelta_sigmaepsilon.png, id=800, 578.16pt 
x 433.62pt>
File: simulation_plots/Nov27_160347_2024_mudelta_sigmaepsilon.png Graphic file 
(type png)
<use simulation_plots/Nov27_160347_2024_mudelta_sigmaepsilon.png>
Package pdftex.def Info: simulation_plots/Nov27_160347_2024_mudelta_sigmaepsilo
n.png  used on input line 1563.
(pdftex.def)             Requested size: 242.82555pt x 182.11916pt.

Overfull \hbox (23.4128pt too wide) in paragraph at lines 1563--1564
 [][] 
 []

<simulation_plots/Nov27_160348_2024_mudelta_sigmaepsilon.png, id=801, 578.16pt 
x 433.62pt>
File: simulation_plots/Nov27_160348_2024_mudelta_sigmaepsilon.png Graphic file 
(type png)
<use simulation_plots/Nov27_160348_2024_mudelta_sigmaepsilon.png>
Package pdftex.def Info: simulation_plots/Nov27_160348_2024_mudelta_sigmaepsilo
n.png  used on input line 1569.
(pdftex.def)             Requested size: 242.82555pt x 182.11916pt.

Overfull \hbox (23.4128pt too wide) in paragraph at lines 1569--1570
 [][] 
 []


LaTeX Warning: `!h' float specifier changed to `!ht'.

[42 <./exponential_sim_plot.png>] [43 <./simulation_plots/Nov27_160341_2024_mud
elta_sigmax.png> <./simulation_plots/Nov27_160342_2024_mudelta_sigmax.png> <./s
imulation_plots/Nov27_160343_2024_mudelta_sigmax.png>] [44 <./simulation_plots/
Nov27_160344_2024_sigmax_sigmaepsilon.png> <./simulation_plots/Nov27_160345_202
4_sigmax_sigmaepsilon.png> <./simulation_plots/Nov27_160346_2024_sigmax_sigmaep
silon.png>] [45 <./simulation_plots/Nov27_160346_2024_mudelta_sigmaepsilon.png>
 <./simulation_plots/Nov27_160347_2024_mudelta_sigmaepsilon.png> <./simulation_
plots/Nov27_160348_2024_mudelta_sigmaepsilon.png>]

Package natbib Warning: Citation `lin2021minimizing' on page 46 undefined on in
put line 1580.


Package natbib Warning: Citation `clements1998forecasting' on page 46 undefined
 on input line 1580.


Underfull \hbox (badness 10000) in paragraph at lines 1580--1581

 []


Package natbib Warning: Citation `lundquist2024volatility' on page 46 undefined
 on input line 1590.


Underfull \hbox (badness 10000) in paragraph at lines 1590--1591

 []


Package natbib Warning: Citation `clements2005evaluating' on page 46 undefined 
on input line 1612.

[46

]

Package natbib Warning: Citation `lundquist2024volatility' on page 47 undefined
 on input line 1624.


Underfull \hbox (badness 10000) in paragraph at lines 1624--1625

 []


Package natbib Warning: Citation `lundquist2024volatility' on page 47 undefined
 on input line 1626.

[47]
Underfull \hbox (badness 10000) in paragraph at lines 1644--1645

 []


Underfull \hbox (badness 10000) in paragraph at lines 1653--1656

 []


Underfull \hbox (badness 10000) in paragraph at lines 1675--1676

 []

[48] (./thesis.bbl)
Chapter 4.
[49


]
Appendix A.

Package natbib Warning: There were undefined citations.

[50




] (./thesis.aux)
 ***********
LaTeX2e <2023-11-01> patch level 1
L3 programming layer <2024-02-20>
 ***********
Package rerunfilecheck Info: File `thesis.out' has not changed.
(rerunfilecheck)             Checksum: E3701C42D2C49D5D42331660B272865C;13140.
 ) 
Here is how much of TeX's memory you used:
 43644 strings out of 474116
 913566 string characters out of 5743682
 1962187 words of memory out of 5000000
 64904 multiletter control sequences out of 15000+600000
 583994 words of font info for 237 fonts, out of 8000000 for 9000
 1141 hyphenation exceptions out of 8191
 142i,17n,144p,3798b,1700s stack positions out of 10000i,1000n,20000p,200000b,200000s
</usr/local/texlive/2024/texmf-dist/fonts/type1/public/amsfonts/cm/cmbx10.pfb
></usr/local/texlive/2024/texmf-dist/fonts/type1/public/amsfonts/cm/cmbx12.pfb>
</usr/local/texlive/2024/texmf-dist/fonts/type1/public/amsfonts/cm/cmbx7.pfb></
usr/local/texlive/2024/texmf-dist/fonts/type1/public/amsfonts/cm/cmbx8.pfb></us
r/local/texlive/2024/texmf-dist/fonts/type1/public/amsfonts/cm/cmbx9.pfb></usr/
local/texlive/2024/texmf-dist/fonts/type1/public/amsfonts/cm/cmbxti10.pfb></usr
/local/texlive/2024/texmf-dist/fonts/type1/public/amsfonts/cm/cmex10.pfb></usr/
local/texlive/2024/texmf-dist/fonts/type1/public/amsfonts/cm/cmmi10.pfb></usr/l
ocal/texlive/2024/texmf-dist/fonts/type1/public/amsfonts/cm/cmmi5.pfb></usr/loc
al/texlive/2024/texmf-dist/fonts/type1/public/amsfonts/cm/cmmi6.pfb></usr/local
/texlive/2024/texmf-dist/fonts/type1/public/amsfonts/cm/cmmi7.pfb></usr/local/t
exlive/2024/texmf-dist/fonts/type1/public/amsfonts/cm/cmmi9.pfb></usr/local/tex
live/2024/texmf-dist/fonts/type1/public/amsfonts/cm/cmmib10.pfb></usr/local/tex
live/2024/texmf-dist/fonts/type1/public/amsfonts/cm/cmr10.pfb></usr/local/texli
ve/2024/texmf-dist/fonts/type1/public/amsfonts/cm/cmr12.pfb></usr/local/texlive
/2024/texmf-dist/fonts/type1/public/amsfonts/cm/cmr5.pfb></usr/local/texlive/20
24/texmf-dist/fonts/type1/public/amsfonts/cm/cmr6.pfb></usr/local/texlive/2024/
texmf-dist/fonts/type1/public/amsfonts/cm/cmr7.pfb></usr/local/texlive/2024/tex
mf-dist/fonts/type1/public/amsfonts/cm/cmr8.pfb></usr/local/texlive/2024/texmf-
dist/fonts/type1/public/amsfonts/cm/cmr9.pfb></usr/local/texlive/2024/texmf-dis
t/fonts/type1/public/amsfonts/cm/cmsy10.pfb></usr/local/texlive/2024/texmf-dist
/fonts/type1/public/amsfonts/cm/cmsy5.pfb></usr/local/texlive/2024/texmf-dist/f
onts/type1/public/amsfonts/cm/cmsy6.pfb></usr/local/texlive/2024/texmf-dist/fon
ts/type1/public/amsfonts/cm/cmsy7.pfb></usr/local/texlive/2024/texmf-dist/fonts
/type1/public/amsfonts/cm/cmti10.pfb></usr/local/texlive/2024/texmf-dist/fonts/
type1/public/amsfonts/cm/cmtt8.pfb></usr/local/texlive/2024/texmf-dist/fonts/ty
pe1/public/amsfonts/symbols/msbm10.pfb></usr/local/texlive/2024/texmf-dist/font
s/type1/public/amsfonts/symbols/msbm7.pfb></usr/local/texlive/2024/texmf-dist/f
onts/type1/public/cm-super/sfrm1000.pfb>
Output written on thesis.pdf (56 pages, 3340231 bytes).
PDF statistics:
 1038 PDF objects out of 1200 (max. 8388607)
 218 named destinations out of 1000 (max. 500000)
 56417 words of extra memory for PDF output out of 61914 (max. 10000000)

