\BOOKMARK [1][-]{section.1}{\376\377\000I\000n\000t\000r\000o\000d\000u\000c\000t\000i\000o\000n}{}% 1
\BOOKMARK [2][-]{subsection.1.1}{\376\377\000L\000i\000t\000e\000r\000a\000t\000u\000r\000e\000\040\000R\000e\000v\000i\000e\000w}{section.1}% 2
\BOOKMARK [3][-]{subsubsection.1.1.1}{\376\377\000M\000o\000t\000i\000v\000a\000t\000i\000o\000n\000\040\000f\000o\000r\000\040\000I\000n\000t\000e\000r\000c\000e\000p\000t\000\040\000C\000o\000r\000r\000e\000c\000t\000i\000o\000n}{subsection.1.1}% 3
\BOOKMARK [2][-]{subsection.1.2}{\376\377\000T\000h\000e\000\040\000M\000e\000a\000n\000i\000n\000g\000\040\000a\000n\000d\000\040\000U\000s\000e\000\040\000o\000f\000\040\000S\000i\000m\000i\000l\000a\000r\000i\000t\000y}{section.1}% 4
\BOOKMARK [1][-]{section.2}{\376\377\000S\000e\000t\000t\000i\000n\000g}{}% 5
\BOOKMARK [1][-]{section.3}{\376\377\000M\000o\000d\000e\000l\000\040\000A\000d\000j\000u\000s\000t\000m\000e\000n\000t\000\040\000U\000s\000i\000n\000g\000\040\000S\000i\000m\000i\000l\000a\000r\000i\000t\000y\000-\000B\000a\000s\000e\000d\000\040\000P\000a\000r\000a\000m\000e\000t\000e\000r\000\040\000C\000o\000r\000r\000e\000c\000t\000i\000o\000n\000:\000\040\000A\000\040\000G\000l\000o\000b\000a\000l\000\040\000O\000v\000e\000r\000v\000i\000e\000w}{}% 6
\BOOKMARK [2][-]{subsection.3.1}{\376\377\000H\000o\000w\000\040\000i\000s\000\040\000t\000h\000e\000\040\000p\000r\000o\000p\000o\000s\000e\000d\000\040\000m\000e\000t\000h\000o\000d\000\040\000d\000i\000s\000t\000i\000n\000c\000t\000\040\000f\000r\000o\000m\000\040\000e\000x\000i\000s\000t\000i\000n\000g\000\040\000t\000o\000o\000l\000s\000?}{section.3}% 7
\BOOKMARK [2][-]{subsection.3.2}{\376\377\000R\000e\000l\000a\000x\000a\000t\000i\000o\000n\000\040\000o\000f\000\040\000A\000s\000s\000u\000m\000p\000t\000i\000o\000n\000s}{section.3}% 8
\BOOKMARK [3][-]{subsubsection.3.2.1}{\376\377\000H\000o\000w\000\040\000i\000m\000p\000o\000r\000t\000a\000n\000t\000\040\000i\000s\000\040\000a\000\040\000s\000h\000a\000r\000e\000d\000\040\000D\000G\000P\000?}{subsection.3.2}% 9
\BOOKMARK [2][-]{subsection.3.3}{\376\377\000W\000e\000\040\000c\000a\000n\000\040\000u\000s\000e\000\040\000t\000h\000e\000\040\000m\000e\000t\000h\000o\000d\000\040\000o\000n\000\040\000l\000a\000t\000e\000n\000t\000\040\000t\000i\000m\000e\000\040\000s\000e\000r\000i\000e\000s}{section.3}% 10
\BOOKMARK [1][-]{section.4}{\376\377\000M\000o\000d\000e\000l\000-\000S\000p\000e\000c\000i\000f\000i\000c\000\040\000C\000o\000n\000s\000i\000d\000e\000r\000a\000t\000i\000o\000n\000s}{}% 11
\BOOKMARK [2][-]{subsection.4.1}{\376\377\000A\000R\000I\000M\000A}{section.4}% 12
\BOOKMARK [2][-]{subsection.4.2}{\376\377\000G\000A\000R\000C\000H}{section.4}% 13
\BOOKMARK [2][-]{subsection.4.3}{\376\377\000H\000A\000R}{section.4}% 14
\BOOKMARK [2][-]{subsection.4.4}{\376\377\000V\000A\000R}{section.4}% 15
\BOOKMARK [2][-]{subsection.4.5}{\376\377\000L\000S\000T\000M\000/\000G\000R\000U}{section.4}% 16
\BOOKMARK [1][-]{section.5}{\376\377\000R\000e\000a\000l\000\040\000D\000a\000t\000a\000\040\000E\000x\000a\000m\000p\000l\000e\000s}{}% 17
\BOOKMARK [1][-]{section.6}{\376\377\000D\000i\000s\000c\000u\000s\000s\000i\000o\000n}{}% 18
\BOOKMARK [2][-]{subsection.6.1}{\376\377\000E\000x\000t\000e\000n\000s\000i\000o\000n\000s}{section.6}% 19
\BOOKMARK [2][-]{subsection.6.2}{\376\377\000L\000i\000m\000i\000t\000a\000t\000i\000o\000n\000s}{section.6}% 20
\BOOKMARK [2][-]{subsection.6.3}{\376\377\000F\000o\000r\000e\000c\000a\000s\000t\000\040\000C\000o\000m\000b\000i\000n\000a\000t\000i\000o\000n}{section.6}% 21
